<?xml version="1.0" encoding="UTF-8"?>
<!-- Generated by org.testng.reporters.JUnitXMLReporter -->
<testsuite ignored="0" hostname="DESKTOP-PH7EFI9" failures="1" tests="80" name="Default test" time="1170.199" errors="0" timestamp="2025-08-13T18:19:38 IST">
  <testcase classname="com.skitech.testCases.ManagQLateralStudProfTestCases" name="TC_MQLSP_011_Verify_sending_6_digit_code_with_valid_email" time="36.328"/>
  <testcase classname="com.skitech.testCases.ManagQLateralStudProfTestCases" name="TC_MQLSP_012_Verify_sending_6_digit_code_fails_if_email_is_not_recognized" time="6.543"/>
  <testcase classname="com.skitech.testCases.ManagQLateralStudProfTestCases" name="TC_MQLSP_013_Verify_student_profile_signin_with_invalid_OTP" time="7.387">
    <failure type="org.openqa.selenium.NoSuchElementException" message="no such element: Unable to locate element: {&amp;quot;method&amp;quot;:&amp;quot;xpath&amp;quot;,&amp;quot;selector&amp;quot;:&amp;quot;//*[@id=&amp;apos;root&amp;apos;]//input[5]&amp;quot;}
  (Session info: chrome=138.0.7204.184)
For documentation on this error, please visit: https://www.seleniumhq.org/exceptions/no_such_element.html
Build info: version: &amp;apos;3.141.59&amp;apos;, revision: &amp;apos;e82be7d358&amp;apos;, time: &amp;apos;2018-11-14T08:17:03&amp;apos;
System info: host: &amp;apos;DESKTOP-PH7EFI9&amp;apos;, ip: &amp;apos;172.21.1.193&amp;apos;, os.name: &amp;apos;Windows 11&amp;apos;, os.arch: &amp;apos;amd64&amp;apos;, os.version: &amp;apos;10.0&amp;apos;, java.version: &amp;apos;21.0.3&amp;apos;
Driver info: org.openqa.selenium.chrome.ChromeDriver
Capabilities {acceptInsecureCerts: false, browserName: chrome, browserVersion: 138.0.7204.184, chrome: {chromedriverVersion: 138.0.7204.183 (e90faf484dd..., userDataDir: C:\Users\DineshM\AppData\Lo...}, fedcm:accounts: true, goog:chromeOptions: {debuggerAddress: localhost:59488}, javascriptEnabled: true, networkConnectionEnabled: false, pageLoadStrategy: normal, platform: WINDOWS, platformName: WINDOWS, proxy: Proxy(), setWindowRect: true, strictFileInteractability: false, timeouts: {implicit: 0, pageLoad: 300000, script: 30000}, unhandledPromptBehavior: dismiss and notify, webauthn:extension:credBlob: true, webauthn:extension:largeBlob: true, webauthn:extension:minPinLength: true, webauthn:extension:prf: true, webauthn:virtualAuthenticators: true}
Session ID: 138610ba3e5d08a84ccb0231c308a753
*** Element info: {Using=xpath, value=//*[@id=&amp;apos;root&amp;apos;]//input[5]}">
      <![CDATA[org.openqa.selenium.NoSuchElementException: no such element: Unable to locate element: {"method":"xpath","selector":"//*[@id='root']//input[5]"}
  (Session info: chrome=138.0.7204.184)
For documentation on this error, please visit: https://www.seleniumhq.org/exceptions/no_such_element.html
Build info: version: '3.141.59', revision: 'e82be7d358', time: '2018-11-14T08:17:03'
System info: host: 'DESKTOP-PH7EFI9', ip: '172.21.1.193', os.name: 'Windows 11', os.arch: 'amd64', os.version: '10.0', java.version: '21.0.3'
Driver info: org.openqa.selenium.chrome.ChromeDriver
Capabilities {acceptInsecureCerts: false, browserName: chrome, browserVersion: 138.0.7204.184, chrome: {chromedriverVersion: 138.0.7204.183 (e90faf484dd..., userDataDir: C:\Users\DineshM\AppData\Lo...}, fedcm:accounts: true, goog:chromeOptions: {debuggerAddress: localhost:59488}, javascriptEnabled: true, networkConnectionEnabled: false, pageLoadStrategy: normal, platform: WINDOWS, platformName: WINDOWS, proxy: Proxy(), setWindowRect: true, strictFileInteractability: false, timeouts: {implicit: 0, pageLoad: 300000, script: 30000}, unhandledPromptBehavior: dismiss and notify, webauthn:extension:credBlob: true, webauthn:extension:largeBlob: true, webauthn:extension:minPinLength: true, webauthn:extension:prf: true, webauthn:virtualAuthenticators: true}
Session ID: 138610ba3e5d08a84ccb0231c308a753
*** Element info: {Using=xpath, value=//*[@id='root']//input[5]}
at java.base/jdk.internal.reflect.DirectConstructorHandleAccessor.newInstance(DirectConstructorHandleAccessor.java:62)
at java.base/java.lang.reflect.Constructor.newInstanceWithCaller(Constructor.java:502)
at java.base/java.lang.reflect.Constructor.newInstance(Constructor.java:486)
at org.openqa.selenium.remote.http.W3CHttpResponseCodec.createException(W3CHttpResponseCodec.java:187)
at org.openqa.selenium.remote.http.W3CHttpResponseCodec.decode(W3CHttpResponseCodec.java:122)
at org.openqa.selenium.remote.http.W3CHttpResponseCodec.decode(W3CHttpResponseCodec.java:49)
at org.openqa.selenium.remote.HttpCommandExecutor.execute(HttpCommandExecutor.java:158)
at org.openqa.selenium.remote.service.DriverCommandExecutor.execute(DriverCommandExecutor.java:83)
at org.openqa.selenium.remote.RemoteWebDriver.execute(RemoteWebDriver.java:552)
at org.openqa.selenium.remote.RemoteWebDriver.findElement(RemoteWebDriver.java:323)
at org.openqa.selenium.remote.RemoteWebDriver.findElementByXPath(RemoteWebDriver.java:428)
at org.openqa.selenium.By$ByXPath.findElement(By.java:353)
at org.openqa.selenium.remote.RemoteWebDriver.findElement(RemoteWebDriver.java:315)
at org.openqa.selenium.support.pagefactory.DefaultElementLocator.findElement(DefaultElementLocator.java:69)
at org.openqa.selenium.support.pagefactory.internal.LocatingElementHandler.invoke(LocatingElementHandler.java:38)
at jdk.proxy2/jdk.proxy2.$Proxy12.clear(Unknown Source)
at com.skitech.pageObjectsRepo.LoginPageObjects.clearOTPInput5(LoginPageObjects.java:195)
at com.skitech.testCases.ManagQLateralStudProfTestCases.TC_MQLSP_013_Verify_student_profile_signin_with_invalid_OTP(ManagQLateralStudProfTestCases.java:151)
at java.base/jdk.internal.reflect.DirectMethodHandleAccessor.invoke(DirectMethodHandleAccessor.java:103)
at java.base/java.lang.reflect.Method.invoke(Method.java:580)
at org.testng.internal.MethodInvocationHelper.invokeMethod(MethodInvocationHelper.java:132)
at org.testng.internal.TestInvoker.invokeMethod(TestInvoker.java:599)
at org.testng.internal.TestInvoker.invokeTestMethod(TestInvoker.java:174)
at org.testng.internal.MethodRunner.runInSequence(MethodRunner.java:46)
at org.testng.internal.TestInvoker$MethodInvocationAgent.invoke(TestInvoker.java:822)
at org.testng.internal.TestInvoker.invokeTestMethods(TestInvoker.java:147)
at org.testng.internal.TestMethodWorker.invokeTestMethods(TestMethodWorker.java:146)
at org.testng.internal.TestMethodWorker.run(TestMethodWorker.java:128)
at java.base/java.util.ArrayList.forEach(ArrayList.java:1596)
at org.testng.TestRunner.privateRun(TestRunner.java:764)
at org.testng.TestRunner.run(TestRunner.java:585)
at org.testng.SuiteRunner.runTest(SuiteRunner.java:384)
at org.testng.SuiteRunner.runSequentially(SuiteRunner.java:378)
at org.testng.SuiteRunner.privateRun(SuiteRunner.java:337)
at org.testng.SuiteRunner.run(SuiteRunner.java:286)
at org.testng.SuiteRunnerWorker.runSuite(SuiteRunnerWorker.java:53)
at org.testng.SuiteRunnerWorker.run(SuiteRunnerWorker.java:96)
at org.testng.TestNG.runSuitesSequentially(TestNG.java:1218)
at org.testng.TestNG.runSuitesLocally(TestNG.java:1140)
at org.testng.TestNG.runSuites(TestNG.java:1069)
at org.testng.TestNG.run(TestNG.java:1037)
at org.testng.remote.AbstractRemoteTestNG.run(AbstractRemoteTestNG.java:115)
at org.testng.remote.RemoteTestNG.initAndRun(RemoteTestNG.java:293)
at org.testng.remote.RemoteTestNG.main(RemoteTestNG.java:91)
]]>
    </failure>
  </testcase> <!-- TC_MQLSP_013_Verify_student_profile_signin_with_invalid_OTP -->
  <testcase classname="com.skitech.testCases.ManagQLateralStudProfTestCases" name="TC_MQLSP_014_Verify_student_profile_account_signin_with_expired_OTP" time="73.717"/>
  <testcase classname="com.skitech.testCases.ManagQLateralStudProfTestCases" name="TC_MQLSP_015_Verify_Resend_Code_in_sign_in_screen" time="8.352"/>
  <testcase classname="com.skitech.testCases.ManagQLateralStudProfTestCases" name="TC_MQLSP_016_Verify_Go_back_in_sign_in_screen" time="10.547"/>
  <testcase classname="com.skitech.testCases.ManagQLateralStudProfTestCases" name="TC_MQLSP_017_Verify_student_profile_account_signin_with_valid_OTP" time="10.54"/>
  <testcase classname="com.skitech.testCases.ManagQLateralStudProfTestCases" name="TC_MQLSP_018_Verify_personal_details_tab" time="0.46"/>
  <testcase classname="com.skitech.testCases.ManagQLateralStudProfTestCases" name="TC_MQLSP_019_Verify_mandatory_alerts_in_add_personal_details_tab" time="6.516"/>
  <testcase classname="com.skitech.testCases.ManagQLateralStudProfTestCases" name="TC_MQLSP_020_Verify_add_personal_details" time="13.607"/>
  <testcase classname="com.skitech.testCases.ManagQLateralStudProfTestCases" name="TC_MQLSP_021_Verify_add_personal_details_with_invalid_data" time="4.756"/>
  <testcase classname="com.skitech.testCases.ManagQLateralStudProfTestCases" name="TC_MQLSP_025_Verify_upload_physically_challenged_and_income_certificate_with_invalid_file_types" time="6.324"/>
  <testcase classname="com.skitech.testCases.ManagQLateralStudProfTestCases" name="TC_MQLSP_027_Verify_upload_physically_challenged_income_certificate_with_file_size_more_than_5mb" time="6.056"/>
  <testcase classname="com.skitech.testCases.ManagQLateralStudProfTestCases" name="TC_MQLSP_028_Verify_personal_details_go_to_home_button" time="3.924"/>
  <testcase classname="com.skitech.testCases.ManagQLateralStudProfTestCases" name="TC_MQLSP_029_Verify_next_step_in_personal_details_tab" time="4.467"/>
  <testcase classname="com.skitech.testCases.ManagQLateralStudProfTestCases" name="TC_MQLSP_030_Verify_academic_details_tab" time="0.376"/>
  <testcase classname="com.skitech.testCases.ManagQLateralStudProfTestCases" name="TC_MQLSP_031_Verify_mandatory_alerts_in_add_academic_details_tab" time="5.686"/>
  <testcase classname="com.skitech.testCases.ManagQLateralStudProfTestCases" name="TC_MQLSP_032_Verify_add_academic_details_with_invalid_data" time="9.908"/>
  <testcase classname="com.skitech.testCases.ManagQLateralStudProfTestCases" name="TC_MQLSP_033_Verify_add_academic_details_with_10th_HSC1_Diploma" time="99.735"/>
  <testcase classname="com.skitech.testCases.ManagQLateralStudProfTestCases" name="TC_MQLSP_034_Verify_add_academic_details_with_10th_HSC1_HSC2_Diploma" time="32.649"/>
  <testcase classname="com.skitech.testCases.ManagQLateralStudProfTestCases" name="TC_MQLSP_035_Verify_add_academic_details_with_10th_Diploma" time="6.856"/>
  <testcase classname="com.skitech.testCases.ManagQLateralStudProfTestCases" name="TC_MQLSP_036_Verify_add_academic_details_with_Diploma_Course_Type_Lateral" time="29.112"/>
  <testcase classname="com.skitech.testCases.ManagQLateralStudProfTestCases" name="TC_MQLSP_037_Verify_add_academic_details_with_diploma_course_type_sandwich_7_semesters" time="36.766"/>
  <testcase classname="com.skitech.testCases.ManagQLateralStudProfTestCases" name="TC_MQLSP_038_Verify_add_academic_details_with_diploma_course_type_sandwich_8_semesters" time="39.049"/>
  <testcase classname="com.skitech.testCases.ManagQLateralStudProfTestCases" name="TC_MQLSP_039_Verify_add_academic_details_with_diploma_course_type_sandwich_lateral_7_semesters" time="32.515"/>
  <testcase classname="com.skitech.testCases.ManagQLateralStudProfTestCases" name="TC_MQLSP_040_Verify_add_academic_details_with_diploma_course_type_sandwich_lateral_8_semesters" time="34.3"/>
  <testcase classname="com.skitech.testCases.ManagQLateralStudProfTestCases" name="TC_MQLSP_041_Verify_add_academic_details_by_uploading_invalid_file_types" time="7.404"/>
  <testcase classname="com.skitech.testCases.ManagQLateralStudProfTestCases" name="TC_MQLSP_042_Verify_Upload_mark_sheet_document_more_than_5_mb" time="3.632"/>
  <testcase classname="com.skitech.testCases.ManagQLateralStudProfTestCases" name="TC_MQLSP_043_Verify_academic_details_Go_to_Home" time="4.132"/>
  <testcase classname="com.skitech.testCases.ManagQLateralStudProfTestCases" name="TC_MQLSP_045_Verify_family_details_tab" time="2.659"/>
  <testcase classname="com.skitech.testCases.ManagQLateralStudProfTestCases" name="TC_MQLSP_046_Verify_mandatory_field_alert_in_add_family_details_tab" time="12.111"/>
  <testcase classname="com.skitech.testCases.ManagQLateralStudProfTestCases" name="TC_MQLSP_047_Verify_add_family_details_with_invalid_data" time="23.745"/>
  <testcase classname="com.skitech.testCases.ManagQLateralStudProfTestCases" name="TC_MQLSP_048_Verify_add_family_details_with_family_type_as_with_parents" time="34.001"/>
  <testcase classname="com.skitech.testCases.ManagQLateralStudProfTestCases" name="TC_MQLSP_049_Verify_add_family_details_with_family_type_as_single_parent_with_mother" time="8.855"/>
  <testcase classname="com.skitech.testCases.ManagQLateralStudProfTestCases" name="TC_MQLSP_050_Verify_add_family_details_with_family_type_as_single_parent_with_father" time="8.746"/>
  <testcase classname="com.skitech.testCases.ManagQLateralStudProfTestCases" name="TC_MQLSP_051_Verify_add_family_details_with_family_type_as_with_guardian" time="17.988"/>
  <testcase classname="com.skitech.testCases.ManagQLateralStudProfTestCases" name="TC_MQLSP_056_Verify_mandatory_fields_in_siblings" time="13.719"/>
  <testcase classname="com.skitech.testCases.ManagQLateralStudProfTestCases" name="TC_MQLSP_057_Verify_add_sibling_with_invalid_data" time="11.589"/>
  <testcase classname="com.skitech.testCases.ManagQLateralStudProfTestCases" name="TC_MQLSP_058_Verify_add_sibling_with_valid_data" time="22.856"/>
  <testcase classname="com.skitech.testCases.ManagQLateralStudProfTestCases" name="TC_MQLSP_059_Verify_add_another_sibling" time="34.544"/>
  <testcase classname="com.skitech.testCases.ManagQLateralStudProfTestCases" name="TC_MQLSP_061_Verify_update_siblings" time="25.81"/>
  <testcase classname="com.skitech.testCases.ManagQLateralStudProfTestCases" name="TC_MQLSP_062_Verify_remove_siblings" time="8.625"/>
  <testcase classname="com.skitech.testCases.ManagQLateralStudProfTestCases" name="TC_MQLSP_064_Verify_Go_To_Home_Button_in_family_details" time="6.55"/>
  <testcase classname="com.skitech.testCases.ManagQLateralStudProfTestCases" name="TC_MQLSP_065_Verify_address_details_tab" time="2.503"/>
  <testcase classname="com.skitech.testCases.ManagQLateralStudProfTestCases" name="TC_MQLSP_066_Verify_mandatory_fields_in_address_details_tab" time="4.921"/>
  <testcase classname="com.skitech.testCases.ManagQLateralStudProfTestCases" name="TC_MQLSP_067_Verify_address_details_with_invalid_data" time="8.78"/>
  <testcase classname="com.skitech.testCases.ManagQLateralStudProfTestCases" name="TC_MQLSP_068_Verify_add_address_details" time="20.205"/>
  <testcase classname="com.skitech.testCases.ManagQLateralStudProfTestCases" name="TC_MQLSP_069_Verify_Communication_address_is_same_as_permanent_address" time="8.638"/>
  <testcase classname="com.skitech.testCases.ManagQLateralStudProfTestCases" name="TC_MQLSP_070_Verify_go_to_home_in_address_details" time="6.399"/>
  <testcase classname="com.skitech.testCases.ManagQLateralStudProfTestCases" name="TC_MQLSP_072_Verify_Admission_Details_tab" time="2.572"/>
  <testcase classname="com.skitech.testCases.ManagQLateralStudProfTestCases" name="TC_MQLSP_073_Verify_admission_details_tab_mandatory_fields" time="3.422"/>
  <testcase classname="com.skitech.testCases.ManagQLateralStudProfTestCases" name="TC_MQLSP_074_Verify_add_admission_details_with_invalid_data" time="5.721"/>
  <testcase classname="com.skitech.testCases.ManagQLateralStudProfTestCases" name="TC_MQLSP_075_Verify_add_admission_details_with_valid_data" time="10.108"/>
  <testcase classname="com.skitech.testCases.ManagQLateralStudProfTestCases" name="TC_MQLSP_076_Verify_add_admission_details_with_dayscholar_college_transport" time="10.051"/>
  <testcase classname="com.skitech.testCases.ManagQLateralStudProfTestCases" name="TC_MQLSP_077_Verify_add_admission_details_with_dayscholar_for_personal_transport_for_two_wheeler" time="9.1"/>
  <testcase classname="com.skitech.testCases.ManagQLateralStudProfTestCases" name="TC_MQLSP_078_Verify_add_admission_details_with_dayscholar_for_personal_transport_for_four_wheeler" time="7.87"/>
  <testcase classname="com.skitech.testCases.ManagQLateralStudProfTestCases" name="TC_MQLSP_079_Verify_add_admission_details_with_dayscholar_for_personal_transport_for_Pickup_and_Drop_by_Parents" time="7.533"/>
  <testcase classname="com.skitech.testCases.ManagQLateralStudProfTestCases" name="TC_MQLSP_080_Verify_add_admission_details_with_dayscholar_public_transport" time="7.505"/>
  <testcase classname="com.skitech.testCases.ManagQLateralStudProfTestCases" name="TC_MQLSP_081_Verify_upload_consortium_application_with_invalid_file_type" time="4.658"/>
  <testcase classname="com.skitech.testCases.ManagQLateralStudProfTestCases" name="TC_MQLSP_082_Verify_upload_consortium_application_with_more_than_5mb_file" time="1.395"/>
  <testcase classname="com.skitech.testCases.ManagQLateralStudProfTestCases" name="TC_MQLSP_083_Verify_upload_consortium_application_with_valid_file_type" time="4.329"/>
  <testcase classname="com.skitech.testCases.ManagQLateralStudProfTestCases" name="TC_MQLSP_084_Verify_upload_RC_and_License_for_two_wheeler_with_valid_file" time="13.785"/>
  <testcase classname="com.skitech.testCases.ManagQLateralStudProfTestCases" name="TC_MQLSP_085_Verify_upload_RC_and_License_for_two_wheeler_with_invalid_file" time="7.909"/>
  <testcase classname="com.skitech.testCases.ManagQLateralStudProfTestCases" name="TC_MQLSP_086_Verify_upload_RC_and_License_for_two_wheeler_with_more_than_5_mb" time="4.564"/>
  <testcase classname="com.skitech.testCases.ManagQLateralStudProfTestCases" name="TC_MQLSP_087_Verify_upload_RC_and_License_for_four_wheeler_with_valid_file" time="8.914"/>
  <testcase classname="com.skitech.testCases.ManagQLateralStudProfTestCases" name="TC_MQLSP_088_Verify_upload_RC_and_License_for_four_wheeler_with_invalid_file" time="7.63"/>
  <testcase classname="com.skitech.testCases.ManagQLateralStudProfTestCases" name="TC_MQLSP_089_Verify_upload_RC_and_License_for_four_wheeler_with_more_than_5_mb" time="4.696"/>
  <testcase classname="com.skitech.testCases.ManagQLateralStudProfTestCases" name="TC_MQLSP_090_Verify_add_admission_details_with_go_to_Home" time="4.027"/>
  <testcase classname="com.skitech.testCases.ManagQLateralStudProfTestCases" name="TC_MQLSP_092_Verify_Documents_details_tab" time="2.675"/>
  <testcase classname="com.skitech.testCases.ManagQLateralStudProfTestCases" name="TC_MQLSP_095_Verify_mandatory_alerts_in_document_details_tab" time="2.542"/>
  <testcase classname="com.skitech.testCases.ManagQLateralStudProfTestCases" name="TC_MQLSP_097_Verify_Upload_columns_by_uploading_invalid_file_type_for_all_documents_sections" time="17.913"/>
  <testcase classname="com.skitech.testCases.ManagQLateralStudProfTestCases" name="TC_MQLSP_098_Verify_Upload_columns_by_uploading_more_than_5mb" time="19.104"/>
  <testcase classname="com.skitech.testCases.ManagQLateralStudProfTestCases" name="TC_MQLSP_099_Verify_Upload_valid_file_in_all_document_sections_in_document_tab" time="19.183"/>
  <testcase classname="com.skitech.testCases.ManagQLateralStudProfTestCases" name="TC_MQLSP_0100_Verify_view_all_document_sections_in_document_tab" time="38.477"/>
  <testcase classname="com.skitech.testCases.ManagQLateralStudProfTestCases" name="TC_MQLSP_101_Verify_remove_documents_in_all_document_sections" time="18.754"/>
  <testcase classname="com.skitech.testCases.ManagQLateralStudProfTestCases" name="TC_MQLSP_102_Verify_previous_step_in_documents_tab" time="3.214"/>
  <testcase classname="com.skitech.testCases.ManagQLateralStudProfTestCases" name="TC_MQLSP_103_Verify_go_to_home_in_documents_tab" time="23.53"/>
  <testcase classname="com.skitech.testCases.ManagQLateralStudProfTestCases" name="TC_MQLSP_104_Verify_preview_tab_sections" time="5.357"/>
  <testcase classname="com.skitech.testCases.ManagQLateralStudProfTestCases" name="TC_MQLSP_111_Verify_submit_button_in_preview_tab_if_leaving_mandatory_field_or_document_or_any_section" time="28.891"/>
  <testcase classname="com.skitech.testCases.ManagQLateralStudProfTestCases" name="TC_MQLSP_112_Verify_submit_button_in_preview_tab" time="36.742"/>
</testsuite> <!-- Default test -->
