<?xml version="1.0" encoding="UTF-8"?>
<testng-results ignored="0" total="80" passed="79" failed="1" skipped="0">
  <reporter-output>
  </reporter-output>
  <suite started-at="2025-08-13T18:00:08 IST" name="Default suite" finished-at="2025-08-13T18:19:38 IST" duration-ms="1170199">
    <groups>
      <group name="Regression">
        <method signature="ManagQLateralStudProfTestCases.TC_MQLSP_0100_Verify_view_all_document_sections_in_document_tab()[pri:76, instance:com.skitech.testCases.ManagQLateralStudProfTestCases@5e7cd6cc]" name="TC_MQLSP_0100_Verify_view_all_document_sections_in_document_tab" class="com.skitech.testCases.ManagQLateralStudProfTestCases"/>
        <method signature="ManagQLateralStudProfTestCases.TC_MQLSP_011_Verify_sending_6_digit_code_with_valid_email()[pri:1, instance:com.skitech.testCases.ManagQLateralStudProfTestCases@5e7cd6cc]" name="TC_MQLSP_011_Verify_sending_6_digit_code_with_valid_email" class="com.skitech.testCases.ManagQLateralStudProfTestCases"/>
        <method signature="ManagQLateralStudProfTestCases.TC_MQLSP_012_Verify_sending_6_digit_code_fails_if_email_is_not_recognized()[pri:2, instance:com.skitech.testCases.ManagQLateralStudProfTestCases@5e7cd6cc]" name="TC_MQLSP_012_Verify_sending_6_digit_code_fails_if_email_is_not_recognized" class="com.skitech.testCases.ManagQLateralStudProfTestCases"/>
        <method signature="ManagQLateralStudProfTestCases.TC_MQLSP_013_Verify_student_profile_signin_with_invalid_OTP()[pri:3, instance:com.skitech.testCases.ManagQLateralStudProfTestCases@5e7cd6cc]" name="TC_MQLSP_013_Verify_student_profile_signin_with_invalid_OTP" class="com.skitech.testCases.ManagQLateralStudProfTestCases"/>
        <method signature="ManagQLateralStudProfTestCases.TC_MQLSP_014_Verify_student_profile_account_signin_with_expired_OTP()[pri:4, instance:com.skitech.testCases.ManagQLateralStudProfTestCases@5e7cd6cc]" name="TC_MQLSP_014_Verify_student_profile_account_signin_with_expired_OTP" class="com.skitech.testCases.ManagQLateralStudProfTestCases"/>
        <method signature="ManagQLateralStudProfTestCases.TC_MQLSP_015_Verify_Resend_Code_in_sign_in_screen()[pri:5, instance:com.skitech.testCases.ManagQLateralStudProfTestCases@5e7cd6cc]" name="TC_MQLSP_015_Verify_Resend_Code_in_sign_in_screen" class="com.skitech.testCases.ManagQLateralStudProfTestCases"/>
        <method signature="ManagQLateralStudProfTestCases.TC_MQLSP_016_Verify_Go_back_in_sign_in_screen()[pri:6, instance:com.skitech.testCases.ManagQLateralStudProfTestCases@5e7cd6cc]" name="TC_MQLSP_016_Verify_Go_back_in_sign_in_screen" class="com.skitech.testCases.ManagQLateralStudProfTestCases"/>
        <method signature="ManagQLateralStudProfTestCases.TC_MQLSP_017_Verify_student_profile_account_signin_with_valid_OTP()[pri:7, instance:com.skitech.testCases.ManagQLateralStudProfTestCases@5e7cd6cc]" name="TC_MQLSP_017_Verify_student_profile_account_signin_with_valid_OTP" class="com.skitech.testCases.ManagQLateralStudProfTestCases"/>
        <method signature="ManagQLateralStudProfTestCases.TC_MQLSP_018_Verify_personal_details_tab()[pri:8, instance:com.skitech.testCases.ManagQLateralStudProfTestCases@5e7cd6cc]" name="TC_MQLSP_018_Verify_personal_details_tab" class="com.skitech.testCases.ManagQLateralStudProfTestCases"/>
        <method signature="ManagQLateralStudProfTestCases.TC_MQLSP_019_Verify_mandatory_alerts_in_add_personal_details_tab()[pri:9, instance:com.skitech.testCases.ManagQLateralStudProfTestCases@5e7cd6cc]" name="TC_MQLSP_019_Verify_mandatory_alerts_in_add_personal_details_tab" class="com.skitech.testCases.ManagQLateralStudProfTestCases"/>
        <method signature="ManagQLateralStudProfTestCases.TC_MQLSP_020_Verify_add_personal_details()[pri:10, instance:com.skitech.testCases.ManagQLateralStudProfTestCases@5e7cd6cc]" name="TC_MQLSP_020_Verify_add_personal_details" class="com.skitech.testCases.ManagQLateralStudProfTestCases"/>
        <method signature="ManagQLateralStudProfTestCases.TC_MQLSP_021_Verify_add_personal_details_with_invalid_data()[pri:11, instance:com.skitech.testCases.ManagQLateralStudProfTestCases@5e7cd6cc]" name="TC_MQLSP_021_Verify_add_personal_details_with_invalid_data" class="com.skitech.testCases.ManagQLateralStudProfTestCases"/>
        <method signature="ManagQLateralStudProfTestCases.TC_MQLSP_025_Verify_upload_physically_challenged_and_income_certificate_with_invalid_file_types()[pri:12, instance:com.skitech.testCases.ManagQLateralStudProfTestCases@5e7cd6cc]" name="TC_MQLSP_025_Verify_upload_physically_challenged_and_income_certificate_with_invalid_file_types" class="com.skitech.testCases.ManagQLateralStudProfTestCases"/>
        <method signature="ManagQLateralStudProfTestCases.TC_MQLSP_027_Verify_upload_physically_challenged_income_certificate_with_file_size_more_than_5mb()[pri:13, instance:com.skitech.testCases.ManagQLateralStudProfTestCases@5e7cd6cc]" name="TC_MQLSP_027_Verify_upload_physically_challenged_income_certificate_with_file_size_more_than_5mb" class="com.skitech.testCases.ManagQLateralStudProfTestCases"/>
        <method signature="ManagQLateralStudProfTestCases.TC_MQLSP_028_Verify_personal_details_go_to_home_button()[pri:14, instance:com.skitech.testCases.ManagQLateralStudProfTestCases@5e7cd6cc]" name="TC_MQLSP_028_Verify_personal_details_go_to_home_button" class="com.skitech.testCases.ManagQLateralStudProfTestCases"/>
        <method signature="ManagQLateralStudProfTestCases.TC_MQLSP_029_Verify_next_step_in_personal_details_tab()[pri:15, instance:com.skitech.testCases.ManagQLateralStudProfTestCases@5e7cd6cc]" name="TC_MQLSP_029_Verify_next_step_in_personal_details_tab" class="com.skitech.testCases.ManagQLateralStudProfTestCases"/>
        <method signature="ManagQLateralStudProfTestCases.TC_MQLSP_030_Verify_academic_details_tab()[pri:16, instance:com.skitech.testCases.ManagQLateralStudProfTestCases@5e7cd6cc]" name="TC_MQLSP_030_Verify_academic_details_tab" class="com.skitech.testCases.ManagQLateralStudProfTestCases"/>
        <method signature="ManagQLateralStudProfTestCases.TC_MQLSP_031_Verify_mandatory_alerts_in_add_academic_details_tab()[pri:17, instance:com.skitech.testCases.ManagQLateralStudProfTestCases@5e7cd6cc]" name="TC_MQLSP_031_Verify_mandatory_alerts_in_add_academic_details_tab" class="com.skitech.testCases.ManagQLateralStudProfTestCases"/>
        <method signature="ManagQLateralStudProfTestCases.TC_MQLSP_032_Verify_add_academic_details_with_invalid_data()[pri:18, instance:com.skitech.testCases.ManagQLateralStudProfTestCases@5e7cd6cc]" name="TC_MQLSP_032_Verify_add_academic_details_with_invalid_data" class="com.skitech.testCases.ManagQLateralStudProfTestCases"/>
        <method signature="ManagQLateralStudProfTestCases.TC_MQLSP_033_Verify_add_academic_details_with_10th_HSC1_Diploma()[pri:19, instance:com.skitech.testCases.ManagQLateralStudProfTestCases@5e7cd6cc]" name="TC_MQLSP_033_Verify_add_academic_details_with_10th_HSC1_Diploma" class="com.skitech.testCases.ManagQLateralStudProfTestCases"/>
        <method signature="ManagQLateralStudProfTestCases.TC_MQLSP_034_Verify_add_academic_details_with_10th_HSC1_HSC2_Diploma()[pri:20, instance:com.skitech.testCases.ManagQLateralStudProfTestCases@5e7cd6cc]" name="TC_MQLSP_034_Verify_add_academic_details_with_10th_HSC1_HSC2_Diploma" class="com.skitech.testCases.ManagQLateralStudProfTestCases"/>
        <method signature="ManagQLateralStudProfTestCases.TC_MQLSP_035_Verify_add_academic_details_with_10th_Diploma()[pri:21, instance:com.skitech.testCases.ManagQLateralStudProfTestCases@5e7cd6cc]" name="TC_MQLSP_035_Verify_add_academic_details_with_10th_Diploma" class="com.skitech.testCases.ManagQLateralStudProfTestCases"/>
        <method signature="ManagQLateralStudProfTestCases.TC_MQLSP_036_Verify_add_academic_details_with_Diploma_Course_Type_Lateral()[pri:22, instance:com.skitech.testCases.ManagQLateralStudProfTestCases@5e7cd6cc]" name="TC_MQLSP_036_Verify_add_academic_details_with_Diploma_Course_Type_Lateral" class="com.skitech.testCases.ManagQLateralStudProfTestCases"/>
        <method signature="ManagQLateralStudProfTestCases.TC_MQLSP_037_Verify_add_academic_details_with_diploma_course_type_sandwich_7_semesters()[pri:23, instance:com.skitech.testCases.ManagQLateralStudProfTestCases@5e7cd6cc]" name="TC_MQLSP_037_Verify_add_academic_details_with_diploma_course_type_sandwich_7_semesters" class="com.skitech.testCases.ManagQLateralStudProfTestCases"/>
        <method signature="ManagQLateralStudProfTestCases.TC_MQLSP_038_Verify_add_academic_details_with_diploma_course_type_sandwich_8_semesters()[pri:24, instance:com.skitech.testCases.ManagQLateralStudProfTestCases@5e7cd6cc]" name="TC_MQLSP_038_Verify_add_academic_details_with_diploma_course_type_sandwich_8_semesters" class="com.skitech.testCases.ManagQLateralStudProfTestCases"/>
        <method signature="ManagQLateralStudProfTestCases.TC_MQLSP_039_Verify_add_academic_details_with_diploma_course_type_sandwich_lateral_7_semesters()[pri:25, instance:com.skitech.testCases.ManagQLateralStudProfTestCases@5e7cd6cc]" name="TC_MQLSP_039_Verify_add_academic_details_with_diploma_course_type_sandwich_lateral_7_semesters" class="com.skitech.testCases.ManagQLateralStudProfTestCases"/>
        <method signature="ManagQLateralStudProfTestCases.TC_MQLSP_040_Verify_add_academic_details_with_diploma_course_type_sandwich_lateral_8_semesters()[pri:26, instance:com.skitech.testCases.ManagQLateralStudProfTestCases@5e7cd6cc]" name="TC_MQLSP_040_Verify_add_academic_details_with_diploma_course_type_sandwich_lateral_8_semesters" class="com.skitech.testCases.ManagQLateralStudProfTestCases"/>
        <method signature="ManagQLateralStudProfTestCases.TC_MQLSP_041_Verify_add_academic_details_by_uploading_invalid_file_types()[pri:27, instance:com.skitech.testCases.ManagQLateralStudProfTestCases@5e7cd6cc]" name="TC_MQLSP_041_Verify_add_academic_details_by_uploading_invalid_file_types" class="com.skitech.testCases.ManagQLateralStudProfTestCases"/>
        <method signature="ManagQLateralStudProfTestCases.TC_MQLSP_042_Verify_Upload_mark_sheet_document_more_than_5_mb()[pri:28, instance:com.skitech.testCases.ManagQLateralStudProfTestCases@5e7cd6cc]" name="TC_MQLSP_042_Verify_Upload_mark_sheet_document_more_than_5_mb" class="com.skitech.testCases.ManagQLateralStudProfTestCases"/>
        <method signature="ManagQLateralStudProfTestCases.TC_MQLSP_043_Verify_academic_details_Go_to_Home()[pri:29, instance:com.skitech.testCases.ManagQLateralStudProfTestCases@5e7cd6cc]" name="TC_MQLSP_043_Verify_academic_details_Go_to_Home" class="com.skitech.testCases.ManagQLateralStudProfTestCases"/>
        <method signature="ManagQLateralStudProfTestCases.TC_MQLSP_045_Verify_family_details_tab()[pri:30, instance:com.skitech.testCases.ManagQLateralStudProfTestCases@5e7cd6cc]" name="TC_MQLSP_045_Verify_family_details_tab" class="com.skitech.testCases.ManagQLateralStudProfTestCases"/>
        <method signature="ManagQLateralStudProfTestCases.TC_MQLSP_046_Verify_mandatory_field_alert_in_add_family_details_tab()[pri:31, instance:com.skitech.testCases.ManagQLateralStudProfTestCases@5e7cd6cc]" name="TC_MQLSP_046_Verify_mandatory_field_alert_in_add_family_details_tab" class="com.skitech.testCases.ManagQLateralStudProfTestCases"/>
        <method signature="ManagQLateralStudProfTestCases.TC_MQLSP_047_Verify_add_family_details_with_invalid_data()[pri:32, instance:com.skitech.testCases.ManagQLateralStudProfTestCases@5e7cd6cc]" name="TC_MQLSP_047_Verify_add_family_details_with_invalid_data" class="com.skitech.testCases.ManagQLateralStudProfTestCases"/>
        <method signature="ManagQLateralStudProfTestCases.TC_MQLSP_048_Verify_add_family_details_with_family_type_as_with_parents()[pri:33, instance:com.skitech.testCases.ManagQLateralStudProfTestCases@5e7cd6cc]" name="TC_MQLSP_048_Verify_add_family_details_with_family_type_as_with_parents" class="com.skitech.testCases.ManagQLateralStudProfTestCases"/>
        <method signature="ManagQLateralStudProfTestCases.TC_MQLSP_049_Verify_add_family_details_with_family_type_as_single_parent_with_mother()[pri:34, instance:com.skitech.testCases.ManagQLateralStudProfTestCases@5e7cd6cc]" name="TC_MQLSP_049_Verify_add_family_details_with_family_type_as_single_parent_with_mother" class="com.skitech.testCases.ManagQLateralStudProfTestCases"/>
        <method signature="ManagQLateralStudProfTestCases.TC_MQLSP_050_Verify_add_family_details_with_family_type_as_single_parent_with_father()[pri:35, instance:com.skitech.testCases.ManagQLateralStudProfTestCases@5e7cd6cc]" name="TC_MQLSP_050_Verify_add_family_details_with_family_type_as_single_parent_with_father" class="com.skitech.testCases.ManagQLateralStudProfTestCases"/>
        <method signature="ManagQLateralStudProfTestCases.TC_MQLSP_051_Verify_add_family_details_with_family_type_as_with_guardian()[pri:36, instance:com.skitech.testCases.ManagQLateralStudProfTestCases@5e7cd6cc]" name="TC_MQLSP_051_Verify_add_family_details_with_family_type_as_with_guardian" class="com.skitech.testCases.ManagQLateralStudProfTestCases"/>
        <method signature="ManagQLateralStudProfTestCases.TC_MQLSP_056_Verify_mandatory_fields_in_siblings()[pri:39, instance:com.skitech.testCases.ManagQLateralStudProfTestCases@5e7cd6cc]" name="TC_MQLSP_056_Verify_mandatory_fields_in_siblings" class="com.skitech.testCases.ManagQLateralStudProfTestCases"/>
        <method signature="ManagQLateralStudProfTestCases.TC_MQLSP_057_Verify_add_sibling_with_invalid_data()[pri:40, instance:com.skitech.testCases.ManagQLateralStudProfTestCases@5e7cd6cc]" name="TC_MQLSP_057_Verify_add_sibling_with_invalid_data" class="com.skitech.testCases.ManagQLateralStudProfTestCases"/>
        <method signature="ManagQLateralStudProfTestCases.TC_MQLSP_058_Verify_add_sibling_with_valid_data()[pri:41, instance:com.skitech.testCases.ManagQLateralStudProfTestCases@5e7cd6cc]" name="TC_MQLSP_058_Verify_add_sibling_with_valid_data" class="com.skitech.testCases.ManagQLateralStudProfTestCases"/>
        <method signature="ManagQLateralStudProfTestCases.TC_MQLSP_059_Verify_add_another_sibling()[pri:42, instance:com.skitech.testCases.ManagQLateralStudProfTestCases@5e7cd6cc]" name="TC_MQLSP_059_Verify_add_another_sibling" class="com.skitech.testCases.ManagQLateralStudProfTestCases"/>
        <method signature="ManagQLateralStudProfTestCases.TC_MQLSP_061_Verify_update_siblings()[pri:43, instance:com.skitech.testCases.ManagQLateralStudProfTestCases@5e7cd6cc]" name="TC_MQLSP_061_Verify_update_siblings" class="com.skitech.testCases.ManagQLateralStudProfTestCases"/>
        <method signature="ManagQLateralStudProfTestCases.TC_MQLSP_062_Verify_remove_siblings()[pri:44, instance:com.skitech.testCases.ManagQLateralStudProfTestCases@5e7cd6cc]" name="TC_MQLSP_062_Verify_remove_siblings" class="com.skitech.testCases.ManagQLateralStudProfTestCases"/>
        <method signature="ManagQLateralStudProfTestCases.TC_MQLSP_064_Verify_Go_To_Home_Button_in_family_details()[pri:45, instance:com.skitech.testCases.ManagQLateralStudProfTestCases@5e7cd6cc]" name="TC_MQLSP_064_Verify_Go_To_Home_Button_in_family_details" class="com.skitech.testCases.ManagQLateralStudProfTestCases"/>
        <method signature="ManagQLateralStudProfTestCases.TC_MQLSP_065_Verify_address_details_tab()[pri:46, instance:com.skitech.testCases.ManagQLateralStudProfTestCases@5e7cd6cc]" name="TC_MQLSP_065_Verify_address_details_tab" class="com.skitech.testCases.ManagQLateralStudProfTestCases"/>
        <method signature="ManagQLateralStudProfTestCases.TC_MQLSP_066_Verify_mandatory_fields_in_address_details_tab()[pri:47, instance:com.skitech.testCases.ManagQLateralStudProfTestCases@5e7cd6cc]" name="TC_MQLSP_066_Verify_mandatory_fields_in_address_details_tab" class="com.skitech.testCases.ManagQLateralStudProfTestCases"/>
        <method signature="ManagQLateralStudProfTestCases.TC_MQLSP_067_Verify_address_details_with_invalid_data()[pri:48, instance:com.skitech.testCases.ManagQLateralStudProfTestCases@5e7cd6cc]" name="TC_MQLSP_067_Verify_address_details_with_invalid_data" class="com.skitech.testCases.ManagQLateralStudProfTestCases"/>
        <method signature="ManagQLateralStudProfTestCases.TC_MQLSP_068_Verify_add_address_details()[pri:49, instance:com.skitech.testCases.ManagQLateralStudProfTestCases@5e7cd6cc]" name="TC_MQLSP_068_Verify_add_address_details" class="com.skitech.testCases.ManagQLateralStudProfTestCases"/>
        <method signature="ManagQLateralStudProfTestCases.TC_MQLSP_069_Verify_Communication_address_is_same_as_permanent_address()[pri:50, instance:com.skitech.testCases.ManagQLateralStudProfTestCases@5e7cd6cc]" name="TC_MQLSP_069_Verify_Communication_address_is_same_as_permanent_address" class="com.skitech.testCases.ManagQLateralStudProfTestCases"/>
        <method signature="ManagQLateralStudProfTestCases.TC_MQLSP_070_Verify_go_to_home_in_address_details()[pri:51, instance:com.skitech.testCases.ManagQLateralStudProfTestCases@5e7cd6cc]" name="TC_MQLSP_070_Verify_go_to_home_in_address_details" class="com.skitech.testCases.ManagQLateralStudProfTestCases"/>
        <method signature="ManagQLateralStudProfTestCases.TC_MQLSP_072_Verify_Admission_Details_tab()[pri:52, instance:com.skitech.testCases.ManagQLateralStudProfTestCases@5e7cd6cc]" name="TC_MQLSP_072_Verify_Admission_Details_tab" class="com.skitech.testCases.ManagQLateralStudProfTestCases"/>
        <method signature="ManagQLateralStudProfTestCases.TC_MQLSP_073_Verify_admission_details_tab_mandatory_fields()[pri:53, instance:com.skitech.testCases.ManagQLateralStudProfTestCases@5e7cd6cc]" name="TC_MQLSP_073_Verify_admission_details_tab_mandatory_fields" class="com.skitech.testCases.ManagQLateralStudProfTestCases"/>
        <method signature="ManagQLateralStudProfTestCases.TC_MQLSP_074_Verify_add_admission_details_with_invalid_data()[pri:54, instance:com.skitech.testCases.ManagQLateralStudProfTestCases@5e7cd6cc]" name="TC_MQLSP_074_Verify_add_admission_details_with_invalid_data" class="com.skitech.testCases.ManagQLateralStudProfTestCases"/>
        <method signature="ManagQLateralStudProfTestCases.TC_MQLSP_075_Verify_add_admission_details_with_valid_data()[pri:55, instance:com.skitech.testCases.ManagQLateralStudProfTestCases@5e7cd6cc]" name="TC_MQLSP_075_Verify_add_admission_details_with_valid_data" class="com.skitech.testCases.ManagQLateralStudProfTestCases"/>
        <method signature="ManagQLateralStudProfTestCases.TC_MQLSP_076_Verify_add_admission_details_with_dayscholar_college_transport()[pri:56, instance:com.skitech.testCases.ManagQLateralStudProfTestCases@5e7cd6cc]" name="TC_MQLSP_076_Verify_add_admission_details_with_dayscholar_college_transport" class="com.skitech.testCases.ManagQLateralStudProfTestCases"/>
        <method signature="ManagQLateralStudProfTestCases.TC_MQLSP_077_Verify_add_admission_details_with_dayscholar_for_personal_transport_for_two_wheeler()[pri:57, instance:com.skitech.testCases.ManagQLateralStudProfTestCases@5e7cd6cc]" name="TC_MQLSP_077_Verify_add_admission_details_with_dayscholar_for_personal_transport_for_two_wheeler" class="com.skitech.testCases.ManagQLateralStudProfTestCases"/>
        <method signature="ManagQLateralStudProfTestCases.TC_MQLSP_078_Verify_add_admission_details_with_dayscholar_for_personal_transport_for_four_wheeler()[pri:58, instance:com.skitech.testCases.ManagQLateralStudProfTestCases@5e7cd6cc]" name="TC_MQLSP_078_Verify_add_admission_details_with_dayscholar_for_personal_transport_for_four_wheeler" class="com.skitech.testCases.ManagQLateralStudProfTestCases"/>
        <method signature="ManagQLateralStudProfTestCases.TC_MQLSP_079_Verify_add_admission_details_with_dayscholar_for_personal_transport_for_Pickup_and_Drop_by_Parents()[pri:59, instance:com.skitech.testCases.ManagQLateralStudProfTestCases@5e7cd6cc]" name="TC_MQLSP_079_Verify_add_admission_details_with_dayscholar_for_personal_transport_for_Pickup_and_Drop_by_Parents" class="com.skitech.testCases.ManagQLateralStudProfTestCases"/>
        <method signature="ManagQLateralStudProfTestCases.TC_MQLSP_080_Verify_add_admission_details_with_dayscholar_public_transport()[pri:60, instance:com.skitech.testCases.ManagQLateralStudProfTestCases@5e7cd6cc]" name="TC_MQLSP_080_Verify_add_admission_details_with_dayscholar_public_transport" class="com.skitech.testCases.ManagQLateralStudProfTestCases"/>
        <method signature="ManagQLateralStudProfTestCases.TC_MQLSP_081_Verify_upload_consortium_application_with_invalid_file_type()[pri:61, instance:com.skitech.testCases.ManagQLateralStudProfTestCases@5e7cd6cc]" name="TC_MQLSP_081_Verify_upload_consortium_application_with_invalid_file_type" class="com.skitech.testCases.ManagQLateralStudProfTestCases"/>
        <method signature="ManagQLateralStudProfTestCases.TC_MQLSP_082_Verify_upload_consortium_application_with_more_than_5mb_file()[pri:62, instance:com.skitech.testCases.ManagQLateralStudProfTestCases@5e7cd6cc]" name="TC_MQLSP_082_Verify_upload_consortium_application_with_more_than_5mb_file" class="com.skitech.testCases.ManagQLateralStudProfTestCases"/>
        <method signature="ManagQLateralStudProfTestCases.TC_MQLSP_083_Verify_upload_consortium_application_with_valid_file_type()[pri:63, instance:com.skitech.testCases.ManagQLateralStudProfTestCases@5e7cd6cc]" name="TC_MQLSP_083_Verify_upload_consortium_application_with_valid_file_type" class="com.skitech.testCases.ManagQLateralStudProfTestCases"/>
        <method signature="ManagQLateralStudProfTestCases.TC_MQLSP_084_Verify_upload_RC_and_License_for_two_wheeler_with_valid_file()[pri:64, instance:com.skitech.testCases.ManagQLateralStudProfTestCases@5e7cd6cc]" name="TC_MQLSP_084_Verify_upload_RC_and_License_for_two_wheeler_with_valid_file" class="com.skitech.testCases.ManagQLateralStudProfTestCases"/>
        <method signature="ManagQLateralStudProfTestCases.TC_MQLSP_085_Verify_upload_RC_and_License_for_two_wheeler_with_invalid_file()[pri:65, instance:com.skitech.testCases.ManagQLateralStudProfTestCases@5e7cd6cc]" name="TC_MQLSP_085_Verify_upload_RC_and_License_for_two_wheeler_with_invalid_file" class="com.skitech.testCases.ManagQLateralStudProfTestCases"/>
        <method signature="ManagQLateralStudProfTestCases.TC_MQLSP_086_Verify_upload_RC_and_License_for_two_wheeler_with_more_than_5_mb()[pri:66, instance:com.skitech.testCases.ManagQLateralStudProfTestCases@5e7cd6cc]" name="TC_MQLSP_086_Verify_upload_RC_and_License_for_two_wheeler_with_more_than_5_mb" class="com.skitech.testCases.ManagQLateralStudProfTestCases"/>
        <method signature="ManagQLateralStudProfTestCases.TC_MQLSP_087_Verify_upload_RC_and_License_for_four_wheeler_with_valid_file()[pri:67, instance:com.skitech.testCases.ManagQLateralStudProfTestCases@5e7cd6cc]" name="TC_MQLSP_087_Verify_upload_RC_and_License_for_four_wheeler_with_valid_file" class="com.skitech.testCases.ManagQLateralStudProfTestCases"/>
        <method signature="ManagQLateralStudProfTestCases.TC_MQLSP_088_Verify_upload_RC_and_License_for_four_wheeler_with_invalid_file()[pri:68, instance:com.skitech.testCases.ManagQLateralStudProfTestCases@5e7cd6cc]" name="TC_MQLSP_088_Verify_upload_RC_and_License_for_four_wheeler_with_invalid_file" class="com.skitech.testCases.ManagQLateralStudProfTestCases"/>
        <method signature="ManagQLateralStudProfTestCases.TC_MQLSP_089_Verify_upload_RC_and_License_for_four_wheeler_with_more_than_5_mb()[pri:69, instance:com.skitech.testCases.ManagQLateralStudProfTestCases@5e7cd6cc]" name="TC_MQLSP_089_Verify_upload_RC_and_License_for_four_wheeler_with_more_than_5_mb" class="com.skitech.testCases.ManagQLateralStudProfTestCases"/>
        <method signature="ManagQLateralStudProfTestCases.TC_MQLSP_090_Verify_add_admission_details_with_go_to_Home()[pri:70, instance:com.skitech.testCases.ManagQLateralStudProfTestCases@5e7cd6cc]" name="TC_MQLSP_090_Verify_add_admission_details_with_go_to_Home" class="com.skitech.testCases.ManagQLateralStudProfTestCases"/>
        <method signature="ManagQLateralStudProfTestCases.TC_MQLSP_092_Verify_Documents_details_tab()[pri:71, instance:com.skitech.testCases.ManagQLateralStudProfTestCases@5e7cd6cc]" name="TC_MQLSP_092_Verify_Documents_details_tab" class="com.skitech.testCases.ManagQLateralStudProfTestCases"/>
        <method signature="ManagQLateralStudProfTestCases.TC_MQLSP_095_Verify_mandatory_alerts_in_document_details_tab()[pri:72, instance:com.skitech.testCases.ManagQLateralStudProfTestCases@5e7cd6cc]" name="TC_MQLSP_095_Verify_mandatory_alerts_in_document_details_tab" class="com.skitech.testCases.ManagQLateralStudProfTestCases"/>
        <method signature="ManagQLateralStudProfTestCases.TC_MQLSP_097_Verify_Upload_columns_by_uploading_invalid_file_type_for_all_documents_sections()[pri:73, instance:com.skitech.testCases.ManagQLateralStudProfTestCases@5e7cd6cc]" name="TC_MQLSP_097_Verify_Upload_columns_by_uploading_invalid_file_type_for_all_documents_sections" class="com.skitech.testCases.ManagQLateralStudProfTestCases"/>
        <method signature="ManagQLateralStudProfTestCases.TC_MQLSP_098_Verify_Upload_columns_by_uploading_more_than_5mb()[pri:74, instance:com.skitech.testCases.ManagQLateralStudProfTestCases@5e7cd6cc]" name="TC_MQLSP_098_Verify_Upload_columns_by_uploading_more_than_5mb" class="com.skitech.testCases.ManagQLateralStudProfTestCases"/>
        <method signature="ManagQLateralStudProfTestCases.TC_MQLSP_099_Verify_Upload_valid_file_in_all_document_sections_in_document_tab()[pri:75, instance:com.skitech.testCases.ManagQLateralStudProfTestCases@5e7cd6cc]" name="TC_MQLSP_099_Verify_Upload_valid_file_in_all_document_sections_in_document_tab" class="com.skitech.testCases.ManagQLateralStudProfTestCases"/>
        <method signature="ManagQLateralStudProfTestCases.TC_MQLSP_101_Verify_remove_documents_in_all_document_sections()[pri:77, instance:com.skitech.testCases.ManagQLateralStudProfTestCases@5e7cd6cc]" name="TC_MQLSP_101_Verify_remove_documents_in_all_document_sections" class="com.skitech.testCases.ManagQLateralStudProfTestCases"/>
        <method signature="ManagQLateralStudProfTestCases.TC_MQLSP_102_Verify_previous_step_in_documents_tab()[pri:78, instance:com.skitech.testCases.ManagQLateralStudProfTestCases@5e7cd6cc]" name="TC_MQLSP_102_Verify_previous_step_in_documents_tab" class="com.skitech.testCases.ManagQLateralStudProfTestCases"/>
        <method signature="ManagQLateralStudProfTestCases.TC_MQLSP_103_Verify_go_to_home_in_documents_tab()[pri:79, instance:com.skitech.testCases.ManagQLateralStudProfTestCases@5e7cd6cc]" name="TC_MQLSP_103_Verify_go_to_home_in_documents_tab" class="com.skitech.testCases.ManagQLateralStudProfTestCases"/>
        <method signature="ManagQLateralStudProfTestCases.TC_MQLSP_104_Verify_preview_tab_sections()[pri:80, instance:com.skitech.testCases.ManagQLateralStudProfTestCases@5e7cd6cc]" name="TC_MQLSP_104_Verify_preview_tab_sections" class="com.skitech.testCases.ManagQLateralStudProfTestCases"/>
        <method signature="ManagQLateralStudProfTestCases.TC_MQLSP_111_Verify_submit_button_in_preview_tab_if_leaving_mandatory_field_or_document_or_any_section()[pri:81, instance:com.skitech.testCases.ManagQLateralStudProfTestCases@5e7cd6cc]" name="TC_MQLSP_111_Verify_submit_button_in_preview_tab_if_leaving_mandatory_field_or_document_or_any_section" class="com.skitech.testCases.ManagQLateralStudProfTestCases"/>
        <method signature="ManagQLateralStudProfTestCases.TC_MQLSP_112_Verify_submit_button_in_preview_tab()[pri:82, instance:com.skitech.testCases.ManagQLateralStudProfTestCases@5e7cd6cc]" name="TC_MQLSP_112_Verify_submit_button_in_preview_tab" class="com.skitech.testCases.ManagQLateralStudProfTestCases"/>
      </group> <!-- Regression -->
    </groups>
    <test started-at="2025-08-13T18:00:08 IST" name="Default test" finished-at="2025-08-13T18:19:38 IST" duration-ms="1170199">
      <class name="com.skitech.testCases.ManagQLateralStudProfTestCases">
        <test-method is-config="true" signature="generateTestData()[pri:0, instance:com.skitech.testCases.ManagQLateralStudProfTestCases@5e7cd6cc]" started-at="2025-08-13T18:00:08 IST" name="generateTestData" finished-at="2025-08-13T18:00:08 IST" duration-ms="7" status="PASS">
          <reporter-output>
          </reporter-output>
        </test-method> <!-- generateTestData -->
        <test-method is-config="true" signature="init()[pri:0, instance:com.skitech.testCases.ManagQLateralStudProfTestCases@5e7cd6cc]" started-at="2025-08-13T18:00:08 IST" name="init" finished-at="2025-08-13T18:00:10 IST" duration-ms="2762" status="PASS">
          <reporter-output>
          </reporter-output>
        </test-method> <!-- init -->
        <test-method signature="TC_MQLSP_011_Verify_sending_6_digit_code_with_valid_email()[pri:1, instance:com.skitech.testCases.ManagQLateralStudProfTestCases@5e7cd6cc]" started-at="2025-08-13T18:00:10 IST" name="TC_MQLSP_011_Verify_sending_6_digit_code_with_valid_email" finished-at="2025-08-13T18:00:47 IST" duration-ms="36328" status="PASS">
          <reporter-output>
          </reporter-output>
        </test-method> <!-- TC_MQLSP_011_Verify_sending_6_digit_code_with_valid_email -->
        <test-method signature="TC_MQLSP_012_Verify_sending_6_digit_code_fails_if_email_is_not_recognized()[pri:2, instance:com.skitech.testCases.ManagQLateralStudProfTestCases@5e7cd6cc]" started-at="2025-08-13T18:00:47 IST" name="TC_MQLSP_012_Verify_sending_6_digit_code_fails_if_email_is_not_recognized" finished-at="2025-08-13T18:00:53 IST" duration-ms="6543" status="PASS">
          <reporter-output>
          </reporter-output>
        </test-method> <!-- TC_MQLSP_012_Verify_sending_6_digit_code_fails_if_email_is_not_recognized -->
        <test-method signature="TC_MQLSP_013_Verify_student_profile_signin_with_invalid_OTP()[pri:3, instance:com.skitech.testCases.ManagQLateralStudProfTestCases@5e7cd6cc]" started-at="2025-08-13T18:00:53 IST" name="TC_MQLSP_013_Verify_student_profile_signin_with_invalid_OTP" finished-at="2025-08-13T18:01:01 IST" duration-ms="7387" status="FAIL">
          <exception class="org.openqa.selenium.NoSuchElementException">
            <message>
              <![CDATA[no such element: Unable to locate element: {"method":"xpath","selector":"//*[@id='root']//input[5]"}
  (Session info: chrome=138.0.7204.184)
For documentation on this error, please visit: https://www.seleniumhq.org/exceptions/no_such_element.html
Build info: version: '3.141.59', revision: 'e82be7d358', time: '2018-11-14T08:17:03'
System info: host: 'DESKTOP-PH7EFI9', ip: '172.21.1.193', os.name: 'Windows 11', os.arch: 'amd64', os.version: '10.0', java.version: '21.0.3'
Driver info: org.openqa.selenium.chrome.ChromeDriver
Capabilities {acceptInsecureCerts: false, browserName: chrome, browserVersion: 138.0.7204.184, chrome: {chromedriverVersion: 138.0.7204.183 (e90faf484dd..., userDataDir: C:\Users\DineshM\AppData\Lo...}, fedcm:accounts: true, goog:chromeOptions: {debuggerAddress: localhost:59488}, javascriptEnabled: true, networkConnectionEnabled: false, pageLoadStrategy: normal, platform: WINDOWS, platformName: WINDOWS, proxy: Proxy(), setWindowRect: true, strictFileInteractability: false, timeouts: {implicit: 0, pageLoad: 300000, script: 30000}, unhandledPromptBehavior: dismiss and notify, webauthn:extension:credBlob: true, webauthn:extension:largeBlob: true, webauthn:extension:minPinLength: true, webauthn:extension:prf: true, webauthn:virtualAuthenticators: true}
Session ID: 138610ba3e5d08a84ccb0231c308a753
*** Element info: {Using=xpath, value=//*[@id='root']//input[5]}]]>
            </message>
            <full-stacktrace>
              <![CDATA[org.openqa.selenium.NoSuchElementException: no such element: Unable to locate element: {"method":"xpath","selector":"//*[@id='root']//input[5]"}
  (Session info: chrome=138.0.7204.184)
For documentation on this error, please visit: https://www.seleniumhq.org/exceptions/no_such_element.html
Build info: version: '3.141.59', revision: 'e82be7d358', time: '2018-11-14T08:17:03'
System info: host: 'DESKTOP-PH7EFI9', ip: '172.21.1.193', os.name: 'Windows 11', os.arch: 'amd64', os.version: '10.0', java.version: '21.0.3'
Driver info: org.openqa.selenium.chrome.ChromeDriver
Capabilities {acceptInsecureCerts: false, browserName: chrome, browserVersion: 138.0.7204.184, chrome: {chromedriverVersion: 138.0.7204.183 (e90faf484dd..., userDataDir: C:\Users\DineshM\AppData\Lo...}, fedcm:accounts: true, goog:chromeOptions: {debuggerAddress: localhost:59488}, javascriptEnabled: true, networkConnectionEnabled: false, pageLoadStrategy: normal, platform: WINDOWS, platformName: WINDOWS, proxy: Proxy(), setWindowRect: true, strictFileInteractability: false, timeouts: {implicit: 0, pageLoad: 300000, script: 30000}, unhandledPromptBehavior: dismiss and notify, webauthn:extension:credBlob: true, webauthn:extension:largeBlob: true, webauthn:extension:minPinLength: true, webauthn:extension:prf: true, webauthn:virtualAuthenticators: true}
Session ID: 138610ba3e5d08a84ccb0231c308a753
*** Element info: {Using=xpath, value=//*[@id='root']//input[5]}
at java.base/jdk.internal.reflect.DirectConstructorHandleAccessor.newInstance(DirectConstructorHandleAccessor.java:62)
at java.base/java.lang.reflect.Constructor.newInstanceWithCaller(Constructor.java:502)
at java.base/java.lang.reflect.Constructor.newInstance(Constructor.java:486)
at org.openqa.selenium.remote.http.W3CHttpResponseCodec.createException(W3CHttpResponseCodec.java:187)
at org.openqa.selenium.remote.http.W3CHttpResponseCodec.decode(W3CHttpResponseCodec.java:122)
at org.openqa.selenium.remote.http.W3CHttpResponseCodec.decode(W3CHttpResponseCodec.java:49)
at org.openqa.selenium.remote.HttpCommandExecutor.execute(HttpCommandExecutor.java:158)
at org.openqa.selenium.remote.service.DriverCommandExecutor.execute(DriverCommandExecutor.java:83)
at org.openqa.selenium.remote.RemoteWebDriver.execute(RemoteWebDriver.java:552)
at org.openqa.selenium.remote.RemoteWebDriver.findElement(RemoteWebDriver.java:323)
at org.openqa.selenium.remote.RemoteWebDriver.findElementByXPath(RemoteWebDriver.java:428)
at org.openqa.selenium.By$ByXPath.findElement(By.java:353)
at org.openqa.selenium.remote.RemoteWebDriver.findElement(RemoteWebDriver.java:315)
at org.openqa.selenium.support.pagefactory.DefaultElementLocator.findElement(DefaultElementLocator.java:69)
at org.openqa.selenium.support.pagefactory.internal.LocatingElementHandler.invoke(LocatingElementHandler.java:38)
at jdk.proxy2/jdk.proxy2.$Proxy12.clear(Unknown Source)
at com.skitech.pageObjectsRepo.LoginPageObjects.clearOTPInput5(LoginPageObjects.java:195)
at com.skitech.testCases.ManagQLateralStudProfTestCases.TC_MQLSP_013_Verify_student_profile_signin_with_invalid_OTP(ManagQLateralStudProfTestCases.java:151)
at java.base/jdk.internal.reflect.DirectMethodHandleAccessor.invoke(DirectMethodHandleAccessor.java:103)
at java.base/java.lang.reflect.Method.invoke(Method.java:580)
at org.testng.internal.MethodInvocationHelper.invokeMethod(MethodInvocationHelper.java:132)
at org.testng.internal.TestInvoker.invokeMethod(TestInvoker.java:599)
at org.testng.internal.TestInvoker.invokeTestMethod(TestInvoker.java:174)
at org.testng.internal.MethodRunner.runInSequence(MethodRunner.java:46)
at org.testng.internal.TestInvoker$MethodInvocationAgent.invoke(TestInvoker.java:822)
at org.testng.internal.TestInvoker.invokeTestMethods(TestInvoker.java:147)
at org.testng.internal.TestMethodWorker.invokeTestMethods(TestMethodWorker.java:146)
at org.testng.internal.TestMethodWorker.run(TestMethodWorker.java:128)
at java.base/java.util.ArrayList.forEach(ArrayList.java:1596)
at org.testng.TestRunner.privateRun(TestRunner.java:764)
at org.testng.TestRunner.run(TestRunner.java:585)
at org.testng.SuiteRunner.runTest(SuiteRunner.java:384)
at org.testng.SuiteRunner.runSequentially(SuiteRunner.java:378)
at org.testng.SuiteRunner.privateRun(SuiteRunner.java:337)
at org.testng.SuiteRunner.run(SuiteRunner.java:286)
at org.testng.SuiteRunnerWorker.runSuite(SuiteRunnerWorker.java:53)
at org.testng.SuiteRunnerWorker.run(SuiteRunnerWorker.java:96)
at org.testng.TestNG.runSuitesSequentially(TestNG.java:1218)
at org.testng.TestNG.runSuitesLocally(TestNG.java:1140)
at org.testng.TestNG.runSuites(TestNG.java:1069)
at org.testng.TestNG.run(TestNG.java:1037)
at org.testng.remote.AbstractRemoteTestNG.run(AbstractRemoteTestNG.java:115)
at org.testng.remote.RemoteTestNG.initAndRun(RemoteTestNG.java:293)
at org.testng.remote.RemoteTestNG.main(RemoteTestNG.java:91)
]]>
            </full-stacktrace>
          </exception> <!-- org.openqa.selenium.NoSuchElementException -->
          <reporter-output>
          </reporter-output>
        </test-method> <!-- TC_MQLSP_013_Verify_student_profile_signin_with_invalid_OTP -->
        <test-method signature="TC_MQLSP_014_Verify_student_profile_account_signin_with_expired_OTP()[pri:4, instance:com.skitech.testCases.ManagQLateralStudProfTestCases@5e7cd6cc]" started-at="2025-08-13T18:01:01 IST" name="TC_MQLSP_014_Verify_student_profile_account_signin_with_expired_OTP" finished-at="2025-08-13T18:02:14 IST" duration-ms="73717" status="PASS">
          <reporter-output>
          </reporter-output>
        </test-method> <!-- TC_MQLSP_014_Verify_student_profile_account_signin_with_expired_OTP -->
        <test-method signature="TC_MQLSP_015_Verify_Resend_Code_in_sign_in_screen()[pri:5, instance:com.skitech.testCases.ManagQLateralStudProfTestCases@5e7cd6cc]" started-at="2025-08-13T18:02:14 IST" name="TC_MQLSP_015_Verify_Resend_Code_in_sign_in_screen" finished-at="2025-08-13T18:02:23 IST" duration-ms="8352" status="PASS">
          <reporter-output>
          </reporter-output>
        </test-method> <!-- TC_MQLSP_015_Verify_Resend_Code_in_sign_in_screen -->
        <test-method signature="TC_MQLSP_016_Verify_Go_back_in_sign_in_screen()[pri:6, instance:com.skitech.testCases.ManagQLateralStudProfTestCases@5e7cd6cc]" started-at="2025-08-13T18:02:23 IST" name="TC_MQLSP_016_Verify_Go_back_in_sign_in_screen" finished-at="2025-08-13T18:02:33 IST" duration-ms="10547" status="PASS">
          <reporter-output>
          </reporter-output>
        </test-method> <!-- TC_MQLSP_016_Verify_Go_back_in_sign_in_screen -->
        <test-method signature="TC_MQLSP_017_Verify_student_profile_account_signin_with_valid_OTP()[pri:7, instance:com.skitech.testCases.ManagQLateralStudProfTestCases@5e7cd6cc]" started-at="2025-08-13T18:02:33 IST" name="TC_MQLSP_017_Verify_student_profile_account_signin_with_valid_OTP" finished-at="2025-08-13T18:02:44 IST" duration-ms="10540" status="PASS">
          <reporter-output>
          </reporter-output>
        </test-method> <!-- TC_MQLSP_017_Verify_student_profile_account_signin_with_valid_OTP -->
        <test-method signature="TC_MQLSP_018_Verify_personal_details_tab()[pri:8, instance:com.skitech.testCases.ManagQLateralStudProfTestCases@5e7cd6cc]" started-at="2025-08-13T18:02:44 IST" name="TC_MQLSP_018_Verify_personal_details_tab" finished-at="2025-08-13T18:02:44 IST" duration-ms="460" status="PASS">
          <reporter-output>
          </reporter-output>
        </test-method> <!-- TC_MQLSP_018_Verify_personal_details_tab -->
        <test-method signature="TC_MQLSP_019_Verify_mandatory_alerts_in_add_personal_details_tab()[pri:9, instance:com.skitech.testCases.ManagQLateralStudProfTestCases@5e7cd6cc]" started-at="2025-08-13T18:02:44 IST" name="TC_MQLSP_019_Verify_mandatory_alerts_in_add_personal_details_tab" finished-at="2025-08-13T18:02:51 IST" duration-ms="6516" status="PASS">
          <reporter-output>
          </reporter-output>
        </test-method> <!-- TC_MQLSP_019_Verify_mandatory_alerts_in_add_personal_details_tab -->
        <test-method signature="TC_MQLSP_020_Verify_add_personal_details()[pri:10, instance:com.skitech.testCases.ManagQLateralStudProfTestCases@5e7cd6cc]" started-at="2025-08-13T18:02:51 IST" name="TC_MQLSP_020_Verify_add_personal_details" finished-at="2025-08-13T18:03:04 IST" duration-ms="13607" status="PASS">
          <reporter-output>
          </reporter-output>
        </test-method> <!-- TC_MQLSP_020_Verify_add_personal_details -->
        <test-method signature="TC_MQLSP_021_Verify_add_personal_details_with_invalid_data()[pri:11, instance:com.skitech.testCases.ManagQLateralStudProfTestCases@5e7cd6cc]" started-at="2025-08-13T18:03:04 IST" name="TC_MQLSP_021_Verify_add_personal_details_with_invalid_data" finished-at="2025-08-13T18:03:09 IST" duration-ms="4756" status="PASS">
          <reporter-output>
          </reporter-output>
        </test-method> <!-- TC_MQLSP_021_Verify_add_personal_details_with_invalid_data -->
        <test-method signature="TC_MQLSP_025_Verify_upload_physically_challenged_and_income_certificate_with_invalid_file_types()[pri:12, instance:com.skitech.testCases.ManagQLateralStudProfTestCases@5e7cd6cc]" started-at="2025-08-13T18:03:09 IST" name="TC_MQLSP_025_Verify_upload_physically_challenged_and_income_certificate_with_invalid_file_types" finished-at="2025-08-13T18:03:15 IST" duration-ms="6324" status="PASS">
          <reporter-output>
          </reporter-output>
        </test-method> <!-- TC_MQLSP_025_Verify_upload_physically_challenged_and_income_certificate_with_invalid_file_types -->
        <test-method signature="TC_MQLSP_027_Verify_upload_physically_challenged_income_certificate_with_file_size_more_than_5mb()[pri:13, instance:com.skitech.testCases.ManagQLateralStudProfTestCases@5e7cd6cc]" started-at="2025-08-13T18:03:15 IST" name="TC_MQLSP_027_Verify_upload_physically_challenged_income_certificate_with_file_size_more_than_5mb" finished-at="2025-08-13T18:03:22 IST" duration-ms="6056" status="PASS">
          <reporter-output>
          </reporter-output>
        </test-method> <!-- TC_MQLSP_027_Verify_upload_physically_challenged_income_certificate_with_file_size_more_than_5mb -->
        <test-method signature="TC_MQLSP_028_Verify_personal_details_go_to_home_button()[pri:14, instance:com.skitech.testCases.ManagQLateralStudProfTestCases@5e7cd6cc]" started-at="2025-08-13T18:03:22 IST" name="TC_MQLSP_028_Verify_personal_details_go_to_home_button" finished-at="2025-08-13T18:03:25 IST" duration-ms="3924" status="PASS">
          <reporter-output>
          </reporter-output>
        </test-method> <!-- TC_MQLSP_028_Verify_personal_details_go_to_home_button -->
        <test-method signature="TC_MQLSP_029_Verify_next_step_in_personal_details_tab()[pri:15, instance:com.skitech.testCases.ManagQLateralStudProfTestCases@5e7cd6cc]" started-at="2025-08-13T18:03:25 IST" name="TC_MQLSP_029_Verify_next_step_in_personal_details_tab" finished-at="2025-08-13T18:03:30 IST" duration-ms="4467" status="PASS">
          <reporter-output>
          </reporter-output>
        </test-method> <!-- TC_MQLSP_029_Verify_next_step_in_personal_details_tab -->
        <test-method signature="TC_MQLSP_030_Verify_academic_details_tab()[pri:16, instance:com.skitech.testCases.ManagQLateralStudProfTestCases@5e7cd6cc]" started-at="2025-08-13T18:03:30 IST" name="TC_MQLSP_030_Verify_academic_details_tab" finished-at="2025-08-13T18:03:30 IST" duration-ms="376" status="PASS">
          <reporter-output>
          </reporter-output>
        </test-method> <!-- TC_MQLSP_030_Verify_academic_details_tab -->
        <test-method signature="TC_MQLSP_031_Verify_mandatory_alerts_in_add_academic_details_tab()[pri:17, instance:com.skitech.testCases.ManagQLateralStudProfTestCases@5e7cd6cc]" started-at="2025-08-13T18:03:30 IST" name="TC_MQLSP_031_Verify_mandatory_alerts_in_add_academic_details_tab" finished-at="2025-08-13T18:03:36 IST" duration-ms="5686" status="PASS">
          <reporter-output>
          </reporter-output>
        </test-method> <!-- TC_MQLSP_031_Verify_mandatory_alerts_in_add_academic_details_tab -->
        <test-method signature="TC_MQLSP_032_Verify_add_academic_details_with_invalid_data()[pri:18, instance:com.skitech.testCases.ManagQLateralStudProfTestCases@5e7cd6cc]" started-at="2025-08-13T18:03:36 IST" name="TC_MQLSP_032_Verify_add_academic_details_with_invalid_data" finished-at="2025-08-13T18:03:46 IST" duration-ms="9908" status="PASS">
          <reporter-output>
          </reporter-output>
        </test-method> <!-- TC_MQLSP_032_Verify_add_academic_details_with_invalid_data -->
        <test-method signature="TC_MQLSP_033_Verify_add_academic_details_with_10th_HSC1_Diploma()[pri:19, instance:com.skitech.testCases.ManagQLateralStudProfTestCases@5e7cd6cc]" started-at="2025-08-13T18:03:46 IST" name="TC_MQLSP_033_Verify_add_academic_details_with_10th_HSC1_Diploma" finished-at="2025-08-13T18:05:26 IST" duration-ms="99735" status="PASS">
          <reporter-output>
          </reporter-output>
        </test-method> <!-- TC_MQLSP_033_Verify_add_academic_details_with_10th_HSC1_Diploma -->
        <test-method signature="TC_MQLSP_034_Verify_add_academic_details_with_10th_HSC1_HSC2_Diploma()[pri:20, instance:com.skitech.testCases.ManagQLateralStudProfTestCases@5e7cd6cc]" started-at="2025-08-13T18:05:26 IST" name="TC_MQLSP_034_Verify_add_academic_details_with_10th_HSC1_HSC2_Diploma" finished-at="2025-08-13T18:05:58 IST" duration-ms="32649" status="PASS">
          <reporter-output>
          </reporter-output>
        </test-method> <!-- TC_MQLSP_034_Verify_add_academic_details_with_10th_HSC1_HSC2_Diploma -->
        <test-method signature="TC_MQLSP_035_Verify_add_academic_details_with_10th_Diploma()[pri:21, instance:com.skitech.testCases.ManagQLateralStudProfTestCases@5e7cd6cc]" started-at="2025-08-13T18:05:58 IST" name="TC_MQLSP_035_Verify_add_academic_details_with_10th_Diploma" finished-at="2025-08-13T18:06:05 IST" duration-ms="6856" status="PASS">
          <reporter-output>
          </reporter-output>
        </test-method> <!-- TC_MQLSP_035_Verify_add_academic_details_with_10th_Diploma -->
        <test-method signature="TC_MQLSP_036_Verify_add_academic_details_with_Diploma_Course_Type_Lateral()[pri:22, instance:com.skitech.testCases.ManagQLateralStudProfTestCases@5e7cd6cc]" started-at="2025-08-13T18:06:05 IST" name="TC_MQLSP_036_Verify_add_academic_details_with_Diploma_Course_Type_Lateral" finished-at="2025-08-13T18:06:34 IST" duration-ms="29112" status="PASS">
          <reporter-output>
          </reporter-output>
        </test-method> <!-- TC_MQLSP_036_Verify_add_academic_details_with_Diploma_Course_Type_Lateral -->
        <test-method signature="TC_MQLSP_037_Verify_add_academic_details_with_diploma_course_type_sandwich_7_semesters()[pri:23, instance:com.skitech.testCases.ManagQLateralStudProfTestCases@5e7cd6cc]" started-at="2025-08-13T18:06:34 IST" name="TC_MQLSP_037_Verify_add_academic_details_with_diploma_course_type_sandwich_7_semesters" finished-at="2025-08-13T18:07:11 IST" duration-ms="36766" status="PASS">
          <reporter-output>
          </reporter-output>
        </test-method> <!-- TC_MQLSP_037_Verify_add_academic_details_with_diploma_course_type_sandwich_7_semesters -->
        <test-method signature="TC_MQLSP_038_Verify_add_academic_details_with_diploma_course_type_sandwich_8_semesters()[pri:24, instance:com.skitech.testCases.ManagQLateralStudProfTestCases@5e7cd6cc]" started-at="2025-08-13T18:07:11 IST" name="TC_MQLSP_038_Verify_add_academic_details_with_diploma_course_type_sandwich_8_semesters" finished-at="2025-08-13T18:07:50 IST" duration-ms="39049" status="PASS">
          <reporter-output>
          </reporter-output>
        </test-method> <!-- TC_MQLSP_038_Verify_add_academic_details_with_diploma_course_type_sandwich_8_semesters -->
        <test-method signature="TC_MQLSP_039_Verify_add_academic_details_with_diploma_course_type_sandwich_lateral_7_semesters()[pri:25, instance:com.skitech.testCases.ManagQLateralStudProfTestCases@5e7cd6cc]" started-at="2025-08-13T18:07:50 IST" name="TC_MQLSP_039_Verify_add_academic_details_with_diploma_course_type_sandwich_lateral_7_semesters" finished-at="2025-08-13T18:08:23 IST" duration-ms="32515" status="PASS">
          <reporter-output>
          </reporter-output>
        </test-method> <!-- TC_MQLSP_039_Verify_add_academic_details_with_diploma_course_type_sandwich_lateral_7_semesters -->
        <test-method signature="TC_MQLSP_040_Verify_add_academic_details_with_diploma_course_type_sandwich_lateral_8_semesters()[pri:26, instance:com.skitech.testCases.ManagQLateralStudProfTestCases@5e7cd6cc]" started-at="2025-08-13T18:08:23 IST" name="TC_MQLSP_040_Verify_add_academic_details_with_diploma_course_type_sandwich_lateral_8_semesters" finished-at="2025-08-13T18:08:57 IST" duration-ms="34300" status="PASS">
          <reporter-output>
          </reporter-output>
        </test-method> <!-- TC_MQLSP_040_Verify_add_academic_details_with_diploma_course_type_sandwich_lateral_8_semesters -->
        <test-method signature="TC_MQLSP_041_Verify_add_academic_details_by_uploading_invalid_file_types()[pri:27, instance:com.skitech.testCases.ManagQLateralStudProfTestCases@5e7cd6cc]" started-at="2025-08-13T18:08:57 IST" name="TC_MQLSP_041_Verify_add_academic_details_by_uploading_invalid_file_types" finished-at="2025-08-13T18:09:04 IST" duration-ms="7404" status="PASS">
          <reporter-output>
          </reporter-output>
        </test-method> <!-- TC_MQLSP_041_Verify_add_academic_details_by_uploading_invalid_file_types -->
        <test-method signature="TC_MQLSP_042_Verify_Upload_mark_sheet_document_more_than_5_mb()[pri:28, instance:com.skitech.testCases.ManagQLateralStudProfTestCases@5e7cd6cc]" started-at="2025-08-13T18:09:04 IST" name="TC_MQLSP_042_Verify_Upload_mark_sheet_document_more_than_5_mb" finished-at="2025-08-13T18:09:08 IST" duration-ms="3632" status="PASS">
          <reporter-output>
          </reporter-output>
        </test-method> <!-- TC_MQLSP_042_Verify_Upload_mark_sheet_document_more_than_5_mb -->
        <test-method signature="TC_MQLSP_043_Verify_academic_details_Go_to_Home()[pri:29, instance:com.skitech.testCases.ManagQLateralStudProfTestCases@5e7cd6cc]" started-at="2025-08-13T18:09:08 IST" name="TC_MQLSP_043_Verify_academic_details_Go_to_Home" finished-at="2025-08-13T18:09:12 IST" duration-ms="4132" status="PASS">
          <reporter-output>
          </reporter-output>
        </test-method> <!-- TC_MQLSP_043_Verify_academic_details_Go_to_Home -->
        <test-method signature="TC_MQLSP_045_Verify_family_details_tab()[pri:30, instance:com.skitech.testCases.ManagQLateralStudProfTestCases@5e7cd6cc]" started-at="2025-08-13T18:09:12 IST" name="TC_MQLSP_045_Verify_family_details_tab" finished-at="2025-08-13T18:09:15 IST" duration-ms="2659" status="PASS">
          <reporter-output>
          </reporter-output>
        </test-method> <!-- TC_MQLSP_045_Verify_family_details_tab -->
        <test-method signature="TC_MQLSP_046_Verify_mandatory_field_alert_in_add_family_details_tab()[pri:31, instance:com.skitech.testCases.ManagQLateralStudProfTestCases@5e7cd6cc]" started-at="2025-08-13T18:09:15 IST" name="TC_MQLSP_046_Verify_mandatory_field_alert_in_add_family_details_tab" finished-at="2025-08-13T18:09:27 IST" duration-ms="12111" status="PASS">
          <reporter-output>
          </reporter-output>
        </test-method> <!-- TC_MQLSP_046_Verify_mandatory_field_alert_in_add_family_details_tab -->
        <test-method signature="TC_MQLSP_047_Verify_add_family_details_with_invalid_data()[pri:32, instance:com.skitech.testCases.ManagQLateralStudProfTestCases@5e7cd6cc]" started-at="2025-08-13T18:09:27 IST" name="TC_MQLSP_047_Verify_add_family_details_with_invalid_data" finished-at="2025-08-13T18:09:51 IST" duration-ms="23745" status="PASS">
          <reporter-output>
          </reporter-output>
        </test-method> <!-- TC_MQLSP_047_Verify_add_family_details_with_invalid_data -->
        <test-method signature="TC_MQLSP_048_Verify_add_family_details_with_family_type_as_with_parents()[pri:33, instance:com.skitech.testCases.ManagQLateralStudProfTestCases@5e7cd6cc]" started-at="2025-08-13T18:09:51 IST" name="TC_MQLSP_048_Verify_add_family_details_with_family_type_as_with_parents" finished-at="2025-08-13T18:10:25 IST" duration-ms="34001" status="PASS">
          <reporter-output>
          </reporter-output>
        </test-method> <!-- TC_MQLSP_048_Verify_add_family_details_with_family_type_as_with_parents -->
        <test-method signature="TC_MQLSP_049_Verify_add_family_details_with_family_type_as_single_parent_with_mother()[pri:34, instance:com.skitech.testCases.ManagQLateralStudProfTestCases@5e7cd6cc]" started-at="2025-08-13T18:10:25 IST" name="TC_MQLSP_049_Verify_add_family_details_with_family_type_as_single_parent_with_mother" finished-at="2025-08-13T18:10:33 IST" duration-ms="8855" status="PASS">
          <reporter-output>
          </reporter-output>
        </test-method> <!-- TC_MQLSP_049_Verify_add_family_details_with_family_type_as_single_parent_with_mother -->
        <test-method signature="TC_MQLSP_050_Verify_add_family_details_with_family_type_as_single_parent_with_father()[pri:35, instance:com.skitech.testCases.ManagQLateralStudProfTestCases@5e7cd6cc]" started-at="2025-08-13T18:10:33 IST" name="TC_MQLSP_050_Verify_add_family_details_with_family_type_as_single_parent_with_father" finished-at="2025-08-13T18:10:42 IST" duration-ms="8746" status="PASS">
          <reporter-output>
          </reporter-output>
        </test-method> <!-- TC_MQLSP_050_Verify_add_family_details_with_family_type_as_single_parent_with_father -->
        <test-method signature="TC_MQLSP_051_Verify_add_family_details_with_family_type_as_with_guardian()[pri:36, instance:com.skitech.testCases.ManagQLateralStudProfTestCases@5e7cd6cc]" started-at="2025-08-13T18:10:42 IST" name="TC_MQLSP_051_Verify_add_family_details_with_family_type_as_with_guardian" finished-at="2025-08-13T18:11:00 IST" duration-ms="17988" status="PASS">
          <reporter-output>
          </reporter-output>
        </test-method> <!-- TC_MQLSP_051_Verify_add_family_details_with_family_type_as_with_guardian -->
        <test-method signature="TC_MQLSP_056_Verify_mandatory_fields_in_siblings()[pri:39, instance:com.skitech.testCases.ManagQLateralStudProfTestCases@5e7cd6cc]" started-at="2025-08-13T18:11:00 IST" name="TC_MQLSP_056_Verify_mandatory_fields_in_siblings" finished-at="2025-08-13T18:11:14 IST" duration-ms="13719" status="PASS">
          <reporter-output>
          </reporter-output>
        </test-method> <!-- TC_MQLSP_056_Verify_mandatory_fields_in_siblings -->
        <test-method signature="TC_MQLSP_057_Verify_add_sibling_with_invalid_data()[pri:40, instance:com.skitech.testCases.ManagQLateralStudProfTestCases@5e7cd6cc]" started-at="2025-08-13T18:11:14 IST" name="TC_MQLSP_057_Verify_add_sibling_with_invalid_data" finished-at="2025-08-13T18:11:25 IST" duration-ms="11589" status="PASS">
          <reporter-output>
          </reporter-output>
        </test-method> <!-- TC_MQLSP_057_Verify_add_sibling_with_invalid_data -->
        <test-method signature="TC_MQLSP_058_Verify_add_sibling_with_valid_data()[pri:41, instance:com.skitech.testCases.ManagQLateralStudProfTestCases@5e7cd6cc]" started-at="2025-08-13T18:11:26 IST" name="TC_MQLSP_058_Verify_add_sibling_with_valid_data" finished-at="2025-08-13T18:11:48 IST" duration-ms="22856" status="PASS">
          <reporter-output>
          </reporter-output>
        </test-method> <!-- TC_MQLSP_058_Verify_add_sibling_with_valid_data -->
        <test-method signature="TC_MQLSP_059_Verify_add_another_sibling()[pri:42, instance:com.skitech.testCases.ManagQLateralStudProfTestCases@5e7cd6cc]" started-at="2025-08-13T18:11:48 IST" name="TC_MQLSP_059_Verify_add_another_sibling" finished-at="2025-08-13T18:12:23 IST" duration-ms="34544" status="PASS">
          <reporter-output>
          </reporter-output>
        </test-method> <!-- TC_MQLSP_059_Verify_add_another_sibling -->
        <test-method signature="TC_MQLSP_061_Verify_update_siblings()[pri:43, instance:com.skitech.testCases.ManagQLateralStudProfTestCases@5e7cd6cc]" started-at="2025-08-13T18:12:23 IST" name="TC_MQLSP_061_Verify_update_siblings" finished-at="2025-08-13T18:12:49 IST" duration-ms="25810" status="PASS">
          <reporter-output>
          </reporter-output>
        </test-method> <!-- TC_MQLSP_061_Verify_update_siblings -->
        <test-method signature="TC_MQLSP_062_Verify_remove_siblings()[pri:44, instance:com.skitech.testCases.ManagQLateralStudProfTestCases@5e7cd6cc]" started-at="2025-08-13T18:12:49 IST" name="TC_MQLSP_062_Verify_remove_siblings" finished-at="2025-08-13T18:12:57 IST" duration-ms="8625" status="PASS">
          <reporter-output>
          </reporter-output>
        </test-method> <!-- TC_MQLSP_062_Verify_remove_siblings -->
        <test-method signature="TC_MQLSP_064_Verify_Go_To_Home_Button_in_family_details()[pri:45, instance:com.skitech.testCases.ManagQLateralStudProfTestCases@5e7cd6cc]" started-at="2025-08-13T18:12:57 IST" name="TC_MQLSP_064_Verify_Go_To_Home_Button_in_family_details" finished-at="2025-08-13T18:13:04 IST" duration-ms="6550" status="PASS">
          <reporter-output>
          </reporter-output>
        </test-method> <!-- TC_MQLSP_064_Verify_Go_To_Home_Button_in_family_details -->
        <test-method signature="TC_MQLSP_065_Verify_address_details_tab()[pri:46, instance:com.skitech.testCases.ManagQLateralStudProfTestCases@5e7cd6cc]" started-at="2025-08-13T18:13:04 IST" name="TC_MQLSP_065_Verify_address_details_tab" finished-at="2025-08-13T18:13:06 IST" duration-ms="2503" status="PASS">
          <reporter-output>
          </reporter-output>
        </test-method> <!-- TC_MQLSP_065_Verify_address_details_tab -->
        <test-method signature="TC_MQLSP_066_Verify_mandatory_fields_in_address_details_tab()[pri:47, instance:com.skitech.testCases.ManagQLateralStudProfTestCases@5e7cd6cc]" started-at="2025-08-13T18:13:06 IST" name="TC_MQLSP_066_Verify_mandatory_fields_in_address_details_tab" finished-at="2025-08-13T18:13:11 IST" duration-ms="4921" status="PASS">
          <reporter-output>
          </reporter-output>
        </test-method> <!-- TC_MQLSP_066_Verify_mandatory_fields_in_address_details_tab -->
        <test-method signature="TC_MQLSP_067_Verify_address_details_with_invalid_data()[pri:48, instance:com.skitech.testCases.ManagQLateralStudProfTestCases@5e7cd6cc]" started-at="2025-08-13T18:13:11 IST" name="TC_MQLSP_067_Verify_address_details_with_invalid_data" finished-at="2025-08-13T18:13:20 IST" duration-ms="8780" status="PASS">
          <reporter-output>
          </reporter-output>
        </test-method> <!-- TC_MQLSP_067_Verify_address_details_with_invalid_data -->
        <test-method signature="TC_MQLSP_068_Verify_add_address_details()[pri:49, instance:com.skitech.testCases.ManagQLateralStudProfTestCases@5e7cd6cc]" started-at="2025-08-13T18:13:20 IST" name="TC_MQLSP_068_Verify_add_address_details" finished-at="2025-08-13T18:13:40 IST" duration-ms="20205" status="PASS">
          <reporter-output>
          </reporter-output>
        </test-method> <!-- TC_MQLSP_068_Verify_add_address_details -->
        <test-method signature="TC_MQLSP_069_Verify_Communication_address_is_same_as_permanent_address()[pri:50, instance:com.skitech.testCases.ManagQLateralStudProfTestCases@5e7cd6cc]" started-at="2025-08-13T18:13:40 IST" name="TC_MQLSP_069_Verify_Communication_address_is_same_as_permanent_address" finished-at="2025-08-13T18:13:49 IST" duration-ms="8638" status="PASS">
          <reporter-output>
          </reporter-output>
        </test-method> <!-- TC_MQLSP_069_Verify_Communication_address_is_same_as_permanent_address -->
        <test-method signature="TC_MQLSP_070_Verify_go_to_home_in_address_details()[pri:51, instance:com.skitech.testCases.ManagQLateralStudProfTestCases@5e7cd6cc]" started-at="2025-08-13T18:13:49 IST" name="TC_MQLSP_070_Verify_go_to_home_in_address_details" finished-at="2025-08-13T18:13:55 IST" duration-ms="6399" status="PASS">
          <reporter-output>
          </reporter-output>
        </test-method> <!-- TC_MQLSP_070_Verify_go_to_home_in_address_details -->
        <test-method signature="TC_MQLSP_072_Verify_Admission_Details_tab()[pri:52, instance:com.skitech.testCases.ManagQLateralStudProfTestCases@5e7cd6cc]" started-at="2025-08-13T18:13:55 IST" name="TC_MQLSP_072_Verify_Admission_Details_tab" finished-at="2025-08-13T18:13:58 IST" duration-ms="2572" status="PASS">
          <reporter-output>
          </reporter-output>
        </test-method> <!-- TC_MQLSP_072_Verify_Admission_Details_tab -->
        <test-method signature="TC_MQLSP_073_Verify_admission_details_tab_mandatory_fields()[pri:53, instance:com.skitech.testCases.ManagQLateralStudProfTestCases@5e7cd6cc]" started-at="2025-08-13T18:13:58 IST" name="TC_MQLSP_073_Verify_admission_details_tab_mandatory_fields" finished-at="2025-08-13T18:14:01 IST" duration-ms="3422" status="PASS">
          <reporter-output>
          </reporter-output>
        </test-method> <!-- TC_MQLSP_073_Verify_admission_details_tab_mandatory_fields -->
        <test-method signature="TC_MQLSP_074_Verify_add_admission_details_with_invalid_data()[pri:54, instance:com.skitech.testCases.ManagQLateralStudProfTestCases@5e7cd6cc]" started-at="2025-08-13T18:14:01 IST" name="TC_MQLSP_074_Verify_add_admission_details_with_invalid_data" finished-at="2025-08-13T18:14:07 IST" duration-ms="5721" status="PASS">
          <reporter-output>
          </reporter-output>
        </test-method> <!-- TC_MQLSP_074_Verify_add_admission_details_with_invalid_data -->
        <test-method signature="TC_MQLSP_075_Verify_add_admission_details_with_valid_data()[pri:55, instance:com.skitech.testCases.ManagQLateralStudProfTestCases@5e7cd6cc]" started-at="2025-08-13T18:14:07 IST" name="TC_MQLSP_075_Verify_add_admission_details_with_valid_data" finished-at="2025-08-13T18:14:17 IST" duration-ms="10108" status="PASS">
          <reporter-output>
          </reporter-output>
        </test-method> <!-- TC_MQLSP_075_Verify_add_admission_details_with_valid_data -->
        <test-method signature="TC_MQLSP_076_Verify_add_admission_details_with_dayscholar_college_transport()[pri:56, instance:com.skitech.testCases.ManagQLateralStudProfTestCases@5e7cd6cc]" started-at="2025-08-13T18:14:17 IST" name="TC_MQLSP_076_Verify_add_admission_details_with_dayscholar_college_transport" finished-at="2025-08-13T18:14:27 IST" duration-ms="10051" status="PASS">
          <reporter-output>
          </reporter-output>
        </test-method> <!-- TC_MQLSP_076_Verify_add_admission_details_with_dayscholar_college_transport -->
        <test-method signature="TC_MQLSP_077_Verify_add_admission_details_with_dayscholar_for_personal_transport_for_two_wheeler()[pri:57, instance:com.skitech.testCases.ManagQLateralStudProfTestCases@5e7cd6cc]" started-at="2025-08-13T18:14:27 IST" name="TC_MQLSP_077_Verify_add_admission_details_with_dayscholar_for_personal_transport_for_two_wheeler" finished-at="2025-08-13T18:14:36 IST" duration-ms="9100" status="PASS">
          <reporter-output>
          </reporter-output>
        </test-method> <!-- TC_MQLSP_077_Verify_add_admission_details_with_dayscholar_for_personal_transport_for_two_wheeler -->
        <test-method signature="TC_MQLSP_078_Verify_add_admission_details_with_dayscholar_for_personal_transport_for_four_wheeler()[pri:58, instance:com.skitech.testCases.ManagQLateralStudProfTestCases@5e7cd6cc]" started-at="2025-08-13T18:14:36 IST" name="TC_MQLSP_078_Verify_add_admission_details_with_dayscholar_for_personal_transport_for_four_wheeler" finished-at="2025-08-13T18:14:44 IST" duration-ms="7870" status="PASS">
          <reporter-output>
          </reporter-output>
        </test-method> <!-- TC_MQLSP_078_Verify_add_admission_details_with_dayscholar_for_personal_transport_for_four_wheeler -->
        <test-method signature="TC_MQLSP_079_Verify_add_admission_details_with_dayscholar_for_personal_transport_for_Pickup_and_Drop_by_Parents()[pri:59, instance:com.skitech.testCases.ManagQLateralStudProfTestCases@5e7cd6cc]" started-at="2025-08-13T18:14:44 IST" name="TC_MQLSP_079_Verify_add_admission_details_with_dayscholar_for_personal_transport_for_Pickup_and_Drop_by_Parents" finished-at="2025-08-13T18:14:52 IST" duration-ms="7533" status="PASS">
          <reporter-output>
          </reporter-output>
        </test-method> <!-- TC_MQLSP_079_Verify_add_admission_details_with_dayscholar_for_personal_transport_for_Pickup_and_Drop_by_Parents -->
        <test-method signature="TC_MQLSP_080_Verify_add_admission_details_with_dayscholar_public_transport()[pri:60, instance:com.skitech.testCases.ManagQLateralStudProfTestCases@5e7cd6cc]" started-at="2025-08-13T18:14:52 IST" name="TC_MQLSP_080_Verify_add_admission_details_with_dayscholar_public_transport" finished-at="2025-08-13T18:14:59 IST" duration-ms="7505" status="PASS">
          <reporter-output>
          </reporter-output>
        </test-method> <!-- TC_MQLSP_080_Verify_add_admission_details_with_dayscholar_public_transport -->
        <test-method signature="TC_MQLSP_081_Verify_upload_consortium_application_with_invalid_file_type()[pri:61, instance:com.skitech.testCases.ManagQLateralStudProfTestCases@5e7cd6cc]" started-at="2025-08-13T18:14:59 IST" name="TC_MQLSP_081_Verify_upload_consortium_application_with_invalid_file_type" finished-at="2025-08-13T18:15:04 IST" duration-ms="4658" status="PASS">
          <reporter-output>
          </reporter-output>
        </test-method> <!-- TC_MQLSP_081_Verify_upload_consortium_application_with_invalid_file_type -->
        <test-method signature="TC_MQLSP_082_Verify_upload_consortium_application_with_more_than_5mb_file()[pri:62, instance:com.skitech.testCases.ManagQLateralStudProfTestCases@5e7cd6cc]" started-at="2025-08-13T18:15:04 IST" name="TC_MQLSP_082_Verify_upload_consortium_application_with_more_than_5mb_file" finished-at="2025-08-13T18:15:05 IST" duration-ms="1395" status="PASS">
          <reporter-output>
          </reporter-output>
        </test-method> <!-- TC_MQLSP_082_Verify_upload_consortium_application_with_more_than_5mb_file -->
        <test-method signature="TC_MQLSP_083_Verify_upload_consortium_application_with_valid_file_type()[pri:63, instance:com.skitech.testCases.ManagQLateralStudProfTestCases@5e7cd6cc]" started-at="2025-08-13T18:15:05 IST" name="TC_MQLSP_083_Verify_upload_consortium_application_with_valid_file_type" finished-at="2025-08-13T18:15:10 IST" duration-ms="4329" status="PASS">
          <reporter-output>
          </reporter-output>
        </test-method> <!-- TC_MQLSP_083_Verify_upload_consortium_application_with_valid_file_type -->
        <test-method signature="TC_MQLSP_084_Verify_upload_RC_and_License_for_two_wheeler_with_valid_file()[pri:64, instance:com.skitech.testCases.ManagQLateralStudProfTestCases@5e7cd6cc]" started-at="2025-08-13T18:15:10 IST" name="TC_MQLSP_084_Verify_upload_RC_and_License_for_two_wheeler_with_valid_file" finished-at="2025-08-13T18:15:23 IST" duration-ms="13785" status="PASS">
          <reporter-output>
          </reporter-output>
        </test-method> <!-- TC_MQLSP_084_Verify_upload_RC_and_License_for_two_wheeler_with_valid_file -->
        <test-method signature="TC_MQLSP_085_Verify_upload_RC_and_License_for_two_wheeler_with_invalid_file()[pri:65, instance:com.skitech.testCases.ManagQLateralStudProfTestCases@5e7cd6cc]" started-at="2025-08-13T18:15:23 IST" name="TC_MQLSP_085_Verify_upload_RC_and_License_for_two_wheeler_with_invalid_file" finished-at="2025-08-13T18:15:31 IST" duration-ms="7909" status="PASS">
          <reporter-output>
          </reporter-output>
        </test-method> <!-- TC_MQLSP_085_Verify_upload_RC_and_License_for_two_wheeler_with_invalid_file -->
        <test-method signature="TC_MQLSP_086_Verify_upload_RC_and_License_for_two_wheeler_with_more_than_5_mb()[pri:66, instance:com.skitech.testCases.ManagQLateralStudProfTestCases@5e7cd6cc]" started-at="2025-08-13T18:15:31 IST" name="TC_MQLSP_086_Verify_upload_RC_and_License_for_two_wheeler_with_more_than_5_mb" finished-at="2025-08-13T18:15:36 IST" duration-ms="4564" status="PASS">
          <reporter-output>
          </reporter-output>
        </test-method> <!-- TC_MQLSP_086_Verify_upload_RC_and_License_for_two_wheeler_with_more_than_5_mb -->
        <test-method signature="TC_MQLSP_087_Verify_upload_RC_and_License_for_four_wheeler_with_valid_file()[pri:67, instance:com.skitech.testCases.ManagQLateralStudProfTestCases@5e7cd6cc]" started-at="2025-08-13T18:15:36 IST" name="TC_MQLSP_087_Verify_upload_RC_and_License_for_four_wheeler_with_valid_file" finished-at="2025-08-13T18:15:45 IST" duration-ms="8914" status="PASS">
          <reporter-output>
          </reporter-output>
        </test-method> <!-- TC_MQLSP_087_Verify_upload_RC_and_License_for_four_wheeler_with_valid_file -->
        <test-method signature="TC_MQLSP_088_Verify_upload_RC_and_License_for_four_wheeler_with_invalid_file()[pri:68, instance:com.skitech.testCases.ManagQLateralStudProfTestCases@5e7cd6cc]" started-at="2025-08-13T18:15:45 IST" name="TC_MQLSP_088_Verify_upload_RC_and_License_for_four_wheeler_with_invalid_file" finished-at="2025-08-13T18:15:53 IST" duration-ms="7630" status="PASS">
          <reporter-output>
          </reporter-output>
        </test-method> <!-- TC_MQLSP_088_Verify_upload_RC_and_License_for_four_wheeler_with_invalid_file -->
        <test-method signature="TC_MQLSP_089_Verify_upload_RC_and_License_for_four_wheeler_with_more_than_5_mb()[pri:69, instance:com.skitech.testCases.ManagQLateralStudProfTestCases@5e7cd6cc]" started-at="2025-08-13T18:15:53 IST" name="TC_MQLSP_089_Verify_upload_RC_and_License_for_four_wheeler_with_more_than_5_mb" finished-at="2025-08-13T18:15:57 IST" duration-ms="4696" status="PASS">
          <reporter-output>
          </reporter-output>
        </test-method> <!-- TC_MQLSP_089_Verify_upload_RC_and_License_for_four_wheeler_with_more_than_5_mb -->
        <test-method signature="TC_MQLSP_090_Verify_add_admission_details_with_go_to_Home()[pri:70, instance:com.skitech.testCases.ManagQLateralStudProfTestCases@5e7cd6cc]" started-at="2025-08-13T18:15:57 IST" name="TC_MQLSP_090_Verify_add_admission_details_with_go_to_Home" finished-at="2025-08-13T18:16:01 IST" duration-ms="4027" status="PASS">
          <reporter-output>
          </reporter-output>
        </test-method> <!-- TC_MQLSP_090_Verify_add_admission_details_with_go_to_Home -->
        <test-method signature="TC_MQLSP_092_Verify_Documents_details_tab()[pri:71, instance:com.skitech.testCases.ManagQLateralStudProfTestCases@5e7cd6cc]" started-at="2025-08-13T18:16:01 IST" name="TC_MQLSP_092_Verify_Documents_details_tab" finished-at="2025-08-13T18:16:04 IST" duration-ms="2675" status="PASS">
          <reporter-output>
          </reporter-output>
        </test-method> <!-- TC_MQLSP_092_Verify_Documents_details_tab -->
        <test-method signature="TC_MQLSP_095_Verify_mandatory_alerts_in_document_details_tab()[pri:72, instance:com.skitech.testCases.ManagQLateralStudProfTestCases@5e7cd6cc]" started-at="2025-08-13T18:16:04 IST" name="TC_MQLSP_095_Verify_mandatory_alerts_in_document_details_tab" finished-at="2025-08-13T18:16:06 IST" duration-ms="2542" status="PASS">
          <reporter-output>
          </reporter-output>
        </test-method> <!-- TC_MQLSP_095_Verify_mandatory_alerts_in_document_details_tab -->
        <test-method signature="TC_MQLSP_097_Verify_Upload_columns_by_uploading_invalid_file_type_for_all_documents_sections()[pri:73, instance:com.skitech.testCases.ManagQLateralStudProfTestCases@5e7cd6cc]" started-at="2025-08-13T18:16:06 IST" name="TC_MQLSP_097_Verify_Upload_columns_by_uploading_invalid_file_type_for_all_documents_sections" finished-at="2025-08-13T18:16:24 IST" duration-ms="17913" status="PASS">
          <reporter-output>
          </reporter-output>
        </test-method> <!-- TC_MQLSP_097_Verify_Upload_columns_by_uploading_invalid_file_type_for_all_documents_sections -->
        <test-method signature="TC_MQLSP_098_Verify_Upload_columns_by_uploading_more_than_5mb()[pri:74, instance:com.skitech.testCases.ManagQLateralStudProfTestCases@5e7cd6cc]" started-at="2025-08-13T18:16:24 IST" name="TC_MQLSP_098_Verify_Upload_columns_by_uploading_more_than_5mb" finished-at="2025-08-13T18:16:44 IST" duration-ms="19104" status="PASS">
          <reporter-output>
          </reporter-output>
        </test-method> <!-- TC_MQLSP_098_Verify_Upload_columns_by_uploading_more_than_5mb -->
        <test-method signature="TC_MQLSP_099_Verify_Upload_valid_file_in_all_document_sections_in_document_tab()[pri:75, instance:com.skitech.testCases.ManagQLateralStudProfTestCases@5e7cd6cc]" started-at="2025-08-13T18:16:44 IST" name="TC_MQLSP_099_Verify_Upload_valid_file_in_all_document_sections_in_document_tab" finished-at="2025-08-13T18:17:03 IST" duration-ms="19183" status="PASS">
          <reporter-output>
          </reporter-output>
        </test-method> <!-- TC_MQLSP_099_Verify_Upload_valid_file_in_all_document_sections_in_document_tab -->
        <test-method signature="TC_MQLSP_0100_Verify_view_all_document_sections_in_document_tab()[pri:76, instance:com.skitech.testCases.ManagQLateralStudProfTestCases@5e7cd6cc]" started-at="2025-08-13T18:17:03 IST" name="TC_MQLSP_0100_Verify_view_all_document_sections_in_document_tab" finished-at="2025-08-13T18:17:41 IST" duration-ms="38477" status="PASS">
          <reporter-output>
          </reporter-output>
        </test-method> <!-- TC_MQLSP_0100_Verify_view_all_document_sections_in_document_tab -->
        <test-method signature="TC_MQLSP_101_Verify_remove_documents_in_all_document_sections()[pri:77, instance:com.skitech.testCases.ManagQLateralStudProfTestCases@5e7cd6cc]" started-at="2025-08-13T18:17:41 IST" name="TC_MQLSP_101_Verify_remove_documents_in_all_document_sections" finished-at="2025-08-13T18:18:00 IST" duration-ms="18754" status="PASS">
          <reporter-output>
          </reporter-output>
        </test-method> <!-- TC_MQLSP_101_Verify_remove_documents_in_all_document_sections -->
        <test-method signature="TC_MQLSP_102_Verify_previous_step_in_documents_tab()[pri:78, instance:com.skitech.testCases.ManagQLateralStudProfTestCases@5e7cd6cc]" started-at="2025-08-13T18:18:00 IST" name="TC_MQLSP_102_Verify_previous_step_in_documents_tab" finished-at="2025-08-13T18:18:03 IST" duration-ms="3214" status="PASS">
          <reporter-output>
          </reporter-output>
        </test-method> <!-- TC_MQLSP_102_Verify_previous_step_in_documents_tab -->
        <test-method signature="TC_MQLSP_103_Verify_go_to_home_in_documents_tab()[pri:79, instance:com.skitech.testCases.ManagQLateralStudProfTestCases@5e7cd6cc]" started-at="2025-08-13T18:18:03 IST" name="TC_MQLSP_103_Verify_go_to_home_in_documents_tab" finished-at="2025-08-13T18:18:27 IST" duration-ms="23530" status="PASS">
          <reporter-output>
          </reporter-output>
        </test-method> <!-- TC_MQLSP_103_Verify_go_to_home_in_documents_tab -->
        <test-method signature="TC_MQLSP_104_Verify_preview_tab_sections()[pri:80, instance:com.skitech.testCases.ManagQLateralStudProfTestCases@5e7cd6cc]" started-at="2025-08-13T18:18:27 IST" name="TC_MQLSP_104_Verify_preview_tab_sections" finished-at="2025-08-13T18:18:32 IST" duration-ms="5357" status="PASS">
          <reporter-output>
          </reporter-output>
        </test-method> <!-- TC_MQLSP_104_Verify_preview_tab_sections -->
        <test-method signature="TC_MQLSP_111_Verify_submit_button_in_preview_tab_if_leaving_mandatory_field_or_document_or_any_section()[pri:81, instance:com.skitech.testCases.ManagQLateralStudProfTestCases@5e7cd6cc]" started-at="2025-08-13T18:18:32 IST" name="TC_MQLSP_111_Verify_submit_button_in_preview_tab_if_leaving_mandatory_field_or_document_or_any_section" finished-at="2025-08-13T18:19:01 IST" duration-ms="28891" status="PASS">
          <reporter-output>
          </reporter-output>
        </test-method> <!-- TC_MQLSP_111_Verify_submit_button_in_preview_tab_if_leaving_mandatory_field_or_document_or_any_section -->
        <test-method signature="TC_MQLSP_112_Verify_submit_button_in_preview_tab()[pri:82, instance:com.skitech.testCases.ManagQLateralStudProfTestCases@5e7cd6cc]" started-at="2025-08-13T18:19:01 IST" name="TC_MQLSP_112_Verify_submit_button_in_preview_tab" finished-at="2025-08-13T18:19:38 IST" duration-ms="36742" status="PASS">
          <reporter-output>
          </reporter-output>
        </test-method> <!-- TC_MQLSP_112_Verify_submit_button_in_preview_tab -->
        <test-method is-config="true" signature="tearDown()[pri:0, instance:com.skitech.testCases.ManagQLateralStudProfTestCases@5e7cd6cc]" started-at="2025-08-13T18:19:38 IST" name="tearDown" finished-at="2025-08-13T18:19:38 IST" duration-ms="2" status="PASS">
          <reporter-output>
          </reporter-output>
        </test-method> <!-- tearDown -->
      </class> <!-- com.skitech.testCases.ManagQLateralStudProfTestCases -->
    </test> <!-- Default test -->
  </suite> <!-- Default suite -->
</testng-results>
